{"D:\\opsc\\www-v2\\src\\App.tsx": {"path":"D:\\opsc\\www-v2\\src\\App.tsx","statementMap":{"0":{"start":{"line":7,"column":12},"end":{"line":33,"column":null}},"1":{"start":{"line":8,"column":2},"end":{"line":24,"column":null}},"2":{"start":{"line":9,"column":24},"end":{"line":11,"column":null}},"3":{"start":{"line":10,"column":6},"end":{"line":10,"column":null}},"4":{"start":{"line":12,"column":27},"end":{"line":20,"column":null}},"5":{"start":{"line":13,"column":27},"end":{"line":13,"column":null}},"6":{"start":{"line":14,"column":6},"end":{"line":19,"column":null}},"7":{"start":{"line":15,"column":8},"end":{"line":15,"column":null}},"8":{"start":{"line":16,"column":8},"end":{"line":18,"column":null}},"9":{"start":{"line":17,"column":10},"end":{"line":17,"column":null}},"10":{"start":{"line":21,"column":4},"end":{"line":21,"column":null}},"11":{"start":{"line":23,"column":4},"end":{"line":23,"column":null}},"12":{"start":{"line":23,"column":17},"end":{"line":23,"column":null}},"13":{"start":{"line":26,"column":2},"end":{"line":31,"column":null}}},"fnMap":{"0":{"name":"(anonymous_0)","decl":{"start":{"line":7,"column":12},"end":{"line":7,"column":18}},"loc":{"start":{"line":7,"column":18},"end":{"line":33,"column":null}},"line":7},"1":{"name":"(anonymous_1)","decl":{"start":{"line":8,"column":12},"end":{"line":8,"column":18}},"loc":{"start":{"line":8,"column":18},"end":{"line":24,"column":5}},"line":8},"2":{"name":"(anonymous_2)","decl":{"start":{"line":9,"column":41},"end":{"line":9,"column":47}},"loc":{"start":{"line":9,"column":47},"end":{"line":11,"column":5}},"line":9},"3":{"name":"(anonymous_3)","decl":{"start":{"line":12,"column":27},"end":{"line":12,"column":33}},"loc":{"start":{"line":12,"column":33},"end":{"line":20,"column":null}},"line":12},"4":{"name":"(anonymous_4)","decl":{"start":{"line":16,"column":19},"end":{"line":16,"column":25}},"loc":{"start":{"line":16,"column":25},"end":{"line":18,"column":11}},"line":16},"5":{"name":"(anonymous_5)","decl":{"start":{"line":23,"column":11},"end":{"line":23,"column":17}},"loc":{"start":{"line":23,"column":17},"end":{"line":23,"column":null}},"line":23}},"branchMap":{"0":{"loc":{"start":{"line":14,"column":6},"end":{"line":19,"column":null}},"type":"if","locations":[{"start":{"line":14,"column":6},"end":{"line":19,"column":null}},{"start":{},"end":{}}],"line":14}},"s":{"0":1,"1":1,"2":1,"3":0,"4":1,"5":1,"6":1,"7":0,"8":0,"9":0,"10":1,"11":1,"12":1,"13":1},"f":{"0":1,"1":1,"2":0,"3":1,"4":0,"5":1},"b":{"0":[0,1]},"meta":{"lastBranch":1,"lastFunction":6,"lastStatement":14,"seen":{"s:7:12:33:Infinity":0,"f:7:12:7:18":0,"s:8:2:24:Infinity":1,"f:8:12:8:18":1,"s:9:24:11:Infinity":2,"f:9:41:9:47":2,"s:10:6:10:Infinity":3,"s:12:27:20:Infinity":4,"f:12:27:12:33":3,"s:13:27:13:Infinity":5,"b:14:6:19:Infinity:undefined:undefined:undefined:undefined":0,"s:14:6:19:Infinity":6,"s:15:8:15:Infinity":7,"s:16:8:18:Infinity":8,"f:16:19:16:25":4,"s:17:10:17:Infinity":9,"s:21:4:21:Infinity":10,"s:23:4:23:Infinity":11,"f:23:11:23:17":5,"s:23:17:23:Infinity":12,"s:26:2:31:Infinity":13}}}
,"D:\\opsc\\www-v2\\src\\redirects.tsx": {"path":"D:\\opsc\\www-v2\\src\\redirects.tsx","statementMap":{"0":{"start":{"line":4,"column":51},"end":{"line":13,"column":null}},"1":{"start":{"line":15,"column":45},"end":{"line":20,"column":null}},"2":{"start":{"line":16,"column":19},"end":{"line":19,"column":null}}},"fnMap":{"0":{"name":"(anonymous_0)","decl":{"start":{"line":16,"column":2},"end":{"line":16,"column":3}},"loc":{"start":{"line":16,"column":19},"end":{"line":19,"column":null}},"line":16}},"branchMap":{},"s":{"0":1,"1":1,"2":4},"f":{"0":4},"b":{},"meta":{"lastBranch":0,"lastFunction":1,"lastStatement":3,"seen":{"s:4:51:13:Infinity":0,"s:15:45:20:Infinity":1,"f:16:2:16:3":0,"s:16:19:19:Infinity":2}}}
,"D:\\opsc\\www-v2\\src\\routes.tsx": {"path":"D:\\opsc\\www-v2\\src\\routes.tsx","statementMap":{"0":{"start":{"line":30,"column":6},"end":{"line":60,"column":null}}},"fnMap":{},"branchMap":{},"s":{"0":1},"f":{},"b":{},"meta":{"lastBranch":0,"lastFunction":0,"lastStatement":1,"seen":{"s:30:6:60:Infinity":0}}}
,"D:\\opsc\\www-v2\\src\\components\\AuthorCardSkeleton.tsx": {"path":"D:\\opsc\\www-v2\\src\\components\\AuthorCardSkeleton.tsx","statementMap":{"0":{"start":{"line":8,"column":62},"end":{"line":54,"column":null}},"1":{"start":{"line":11,"column":2},"end":{"line":52,"column":null}}},"fnMap":{"0":{"name":"(anonymous_0)","decl":{"start":{"line":8,"column":62},"end":{"line":8,"column":63}},"loc":{"start":{"line":10,"column":6},"end":{"line":54,"column":null}},"line":10}},"branchMap":{"0":{"loc":{"start":{"line":9,"column":2},"end":{"line":9,"column":null}},"type":"default-arg","locations":[{"start":{"line":9,"column":10},"end":{"line":9,"column":null}}],"line":9}},"s":{"0":1,"1":0},"f":{"0":0},"b":{"0":[0]},"meta":{"lastBranch":1,"lastFunction":1,"lastStatement":2,"seen":{"s:8:62:54:Infinity":0,"f:8:62:8:63":0,"b:9:10:9:Infinity":0,"s:11:2:52:Infinity":1}}}
,"D:\\opsc\\www-v2\\src\\components\\DeveloperLinks.tsx": {"path":"D:\\opsc\\www-v2\\src\\components\\DeveloperLinks.tsx","statementMap":{"0":{"start":{"line":4,"column":23},"end":{"line":121,"column":null}},"1":{"start":{"line":5,"column":20},"end":{"line":14,"column":null}},"2":{"start":{"line":16,"column":15},"end":{"line":23,"column":null}},"3":{"start":{"line":25,"column":2},"end":{"line":119,"column":null}},"4":{"start":{"line":35,"column":10},"end":{"line":116,"column":null}}},"fnMap":{"0":{"name":"(anonymous_0)","decl":{"start":{"line":4,"column":23},"end":{"line":4,"column":29}},"loc":{"start":{"line":4,"column":29},"end":{"line":121,"column":null}},"line":4},"1":{"name":"(anonymous_1)","decl":{"start":{"line":34,"column":28},"end":{"line":34,"column":29}},"loc":{"start":{"line":35,"column":10},"end":{"line":116,"column":null}},"line":35}},"branchMap":{},"s":{"0":1,"1":0,"2":0,"3":0,"4":0},"f":{"0":0,"1":0},"b":{},"meta":{"lastBranch":0,"lastFunction":2,"lastStatement":5,"seen":{"s:4:23:121:Infinity":0,"f:4:23:4:29":0,"s:5:20:14:Infinity":1,"s:16:15:23:Infinity":2,"s:25:2:119:Infinity":3,"f:34:28:34:29":1,"s:35:10:116:Infinity":4}}}
,"D:\\opsc\\www-v2\\src\\components\\DeveloperTestimonials.tsx": {"path":"D:\\opsc\\www-v2\\src\\components\\DeveloperTestimonials.tsx","statementMap":{"0":{"start":{"line":15,"column":19},"end":{"line":89,"column":null}},"1":{"start":{"line":28,"column":34},"end":{"line":28,"column":null}},"2":{"start":{"line":31,"column":18},"end":{"line":31,"column":null}},"3":{"start":{"line":33,"column":2},"end":{"line":87,"column":null}},"4":{"start":{"line":67,"column":27},"end":{"line":67,"column":null}},"5":{"start":{"line":92,"column":2},"end":{"line":172,"column":null}},"6":{"start":{"line":164,"column":12},"end":{"line":168,"column":null}}},"fnMap":{"0":{"name":"(anonymous_0)","decl":{"start":{"line":15,"column":19},"end":{"line":15,"column":20}},"loc":{"start":{"line":27,"column":6},"end":{"line":89,"column":null}},"line":27},"1":{"name":"(anonymous_1)","decl":{"start":{"line":67,"column":21},"end":{"line":67,"column":27}},"loc":{"start":{"line":67,"column":27},"end":{"line":67,"column":null}},"line":67},"2":{"name":"DeveloperTestimonials","decl":{"start":{"line":91,"column":16},"end":{"line":91,"column":40}},"loc":{"start":{"line":91,"column":40},"end":{"line":174,"column":null}},"line":91},"3":{"name":"(anonymous_3)","decl":{"start":{"line":163,"column":37},"end":{"line":163,"column":38}},"loc":{"start":{"line":164,"column":12},"end":{"line":168,"column":null}},"line":164}},"branchMap":{"0":{"loc":{"start":{"line":20,"column":2},"end":{"line":20,"column":null}},"type":"default-arg","locations":[{"start":{"line":20,"column":10},"end":{"line":20,"column":null}}],"line":20},"1":{"loc":{"start":{"line":31,"column":18},"end":{"line":31,"column":null}},"type":"binary-expr","locations":[{"start":{"line":31,"column":18},"end":{"line":31,"column":51}},{"start":{"line":31,"column":51},"end":{"line":31,"column":null}}],"line":31},"2":{"loc":{"start":{"line":61,"column":9},"end":{"line":75,"column":null}},"type":"cond-expr","locations":[{"start":{"line":62,"column":10},"end":{"line":68,"column":null}},{"start":{"line":70,"column":10},"end":{"line":75,"column":null}}],"line":61}},"s":{"0":1,"1":0,"2":0,"3":0,"4":0,"5":0,"6":0},"f":{"0":0,"1":0,"2":0,"3":0},"b":{"0":[0],"1":[0,0],"2":[0,0]},"meta":{"lastBranch":3,"lastFunction":4,"lastStatement":7,"seen":{"s:15:19:89:Infinity":0,"f:15:19:15:20":0,"b:20:10:20:Infinity":0,"s:28:34:28:Infinity":1,"s:31:18:31:Infinity":2,"b:31:18:31:51:31:51:31:Infinity":1,"s:33:2:87:Infinity":3,"b:62:10:68:Infinity:70:10:75:Infinity":2,"f:67:21:67:27":1,"s:67:27:67:Infinity":4,"f:91:16:91:40":2,"s:92:2:172:Infinity":5,"f:163:37:163:38":3,"s:164:12:168:Infinity":6}}}
,"D:\\opsc\\www-v2\\src\\components\\DirectorCard.tsx": {"path":"D:\\opsc\\www-v2\\src\\components\\DirectorCard.tsx","statementMap":{"0":{"start":{"line":8,"column":21},"end":{"line":11,"column":null}},"1":{"start":{"line":9,"column":2},"end":{"line":11,"column":null}},"2":{"start":{"line":14,"column":19},"end":{"line":21,"column":null}},"3":{"start":{"line":15,"column":2},"end":{"line":21,"column":null}},"4":{"start":{"line":24,"column":17},"end":{"line":27,"column":null}},"5":{"start":{"line":25,"column":2},"end":{"line":27,"column":null}},"6":{"start":{"line":30,"column":46},"end":{"line":40,"column":null}},"7":{"start":{"line":31,"column":2},"end":{"line":40,"column":null}},"8":{"start":{"line":37,"column":20},"end":{"line":37,"column":null}},"9":{"start":{"line":47,"column":50},"end":{"line":73,"column":null}},"10":{"start":{"line":48,"column":2},"end":{"line":73,"column":null}},"11":{"start":{"line":76,"column":50},"end":{"line":162,"column":null}},"12":{"start":{"line":77,"column":34},"end":{"line":77,"column":null}},"13":{"start":{"line":78,"column":26},"end":{"line":78,"column":null}},"14":{"start":{"line":80,"column":2},"end":{"line":160,"column":null}},"15":{"start":{"line":109,"column":34},"end":{"line":109,"column":38}},"16":{"start":{"line":117,"column":35},"end":{"line":117,"column":null}}},"fnMap":{"0":{"name":"(anonymous_0)","decl":{"start":{"line":8,"column":21},"end":{"line":8,"column":null}},"loc":{"start":{"line":9,"column":2},"end":{"line":11,"column":null}},"line":9},"1":{"name":"(anonymous_1)","decl":{"start":{"line":14,"column":19},"end":{"line":14,"column":null}},"loc":{"start":{"line":15,"column":2},"end":{"line":21,"column":null}},"line":15},"2":{"name":"(anonymous_2)","decl":{"start":{"line":24,"column":17},"end":{"line":24,"column":null}},"loc":{"start":{"line":25,"column":2},"end":{"line":27,"column":null}},"line":25},"3":{"name":"(anonymous_3)","decl":{"start":{"line":30,"column":46},"end":{"line":30,"column":47}},"loc":{"start":{"line":31,"column":2},"end":{"line":40,"column":null}},"line":31},"4":{"name":"(anonymous_4)","decl":{"start":{"line":37,"column":13},"end":{"line":37,"column":14}},"loc":{"start":{"line":37,"column":20},"end":{"line":37,"column":null}},"line":37},"5":{"name":"(anonymous_5)","decl":{"start":{"line":47,"column":50},"end":{"line":47,"column":51}},"loc":{"start":{"line":48,"column":2},"end":{"line":73,"column":null}},"line":48},"6":{"name":"(anonymous_6)","decl":{"start":{"line":76,"column":50},"end":{"line":76,"column":51}},"loc":{"start":{"line":76,"column":68},"end":{"line":162,"column":null}},"line":76},"7":{"name":"(anonymous_7)","decl":{"start":{"line":109,"column":27},"end":{"line":109,"column":28}},"loc":{"start":{"line":109,"column":34},"end":{"line":109,"column":38}},"line":109},"8":{"name":"(anonymous_8)","decl":{"start":{"line":117,"column":29},"end":{"line":117,"column":35}},"loc":{"start":{"line":117,"column":35},"end":{"line":117,"column":null}},"line":117}},"branchMap":{"0":{"loc":{"start":{"line":50,"column":7},"end":{"line":55,"column":null}},"type":"binary-expr","locations":[{"start":{"line":50,"column":7},"end":{"line":50,"column":null}},{"start":{"line":51,"column":8},"end":{"line":55,"column":null}}],"line":50},"1":{"loc":{"start":{"line":57,"column":7},"end":{"line":62,"column":null}},"type":"binary-expr","locations":[{"start":{"line":57,"column":7},"end":{"line":57,"column":null}},{"start":{"line":58,"column":8},"end":{"line":62,"column":null}}],"line":57},"2":{"loc":{"start":{"line":64,"column":7},"end":{"line":65,"column":null}},"type":"binary-expr","locations":[{"start":{"line":64,"column":7},"end":{"line":64,"column":null}},{"start":{"line":65,"column":8},"end":{"line":65,"column":null}}],"line":64},"3":{"loc":{"start":{"line":67,"column":7},"end":{"line":70,"column":null}},"type":"binary-expr","locations":[{"start":{"line":67,"column":7},"end":{"line":67,"column":33}},{"start":{"line":67,"column":33},"end":{"line":67,"column":57}},{"start":{"line":67,"column":57},"end":{"line":67,"column":null}},{"start":{"line":68,"column":8},"end":{"line":70,"column":null}}],"line":67},"4":{"loc":{"start":{"line":78,"column":26},"end":{"line":78,"column":null}},"type":"binary-expr","locations":[{"start":{"line":78,"column":26},"end":{"line":78,"column":40}},{"start":{"line":78,"column":40},"end":{"line":78,"column":null}}],"line":78},"5":{"loc":{"start":{"line":105,"column":17},"end":{"line":118,"column":null}},"type":"cond-expr","locations":[{"start":{"line":106,"column":18},"end":{"line":111,"column":null}},{"start":{"line":113,"column":18},"end":{"line":118,"column":null}}],"line":105},"6":{"loc":{"start":{"line":126,"column":17},"end":{"line":129,"column":null}},"type":"binary-expr","locations":[{"start":{"line":126,"column":17},"end":{"line":126,"column":null}},{"start":{"line":127,"column":18},"end":{"line":129,"column":null}}],"line":126},"7":{"loc":{"start":{"line":151,"column":19},"end":{"line":151,"column":null}},"type":"binary-expr","locations":[{"start":{"line":151,"column":19},"end":{"line":151,"column":35}},{"start":{"line":151,"column":35},"end":{"line":151,"column":null}}],"line":151}},"s":{"0":1,"1":0,"2":1,"3":0,"4":1,"5":0,"6":1,"7":0,"8":0,"9":1,"10":0,"11":1,"12":0,"13":0,"14":0,"15":0,"16":0},"f":{"0":0,"1":0,"2":0,"3":0,"4":0,"5":0,"6":0,"7":0,"8":0},"b":{"0":[0,0],"1":[0,0],"2":[0,0],"3":[0,0,0,0],"4":[0,0],"5":[0,0],"6":[0,0],"7":[0,0]},"meta":{"lastBranch":8,"lastFunction":9,"lastStatement":17,"seen":{"s:8:21:11:Infinity":0,"f:8:21:8:Infinity":0,"s:9:2:11:Infinity":1,"s:14:19:21:Infinity":2,"f:14:19:14:Infinity":1,"s:15:2:21:Infinity":3,"s:24:17:27:Infinity":4,"f:24:17:24:Infinity":2,"s:25:2:27:Infinity":5,"s:30:46:40:Infinity":6,"f:30:46:30:47":3,"s:31:2:40:Infinity":7,"f:37:13:37:14":4,"s:37:20:37:Infinity":8,"s:47:50:73:Infinity":9,"f:47:50:47:51":5,"s:48:2:73:Infinity":10,"b:50:7:50:Infinity:51:8:55:Infinity":0,"b:57:7:57:Infinity:58:8:62:Infinity":1,"b:64:7:64:Infinity:65:8:65:Infinity":2,"b:67:7:67:33:67:33:67:57:67:57:67:Infinity:68:8:70:Infinity":3,"s:76:50:162:Infinity":11,"f:76:50:76:51":6,"s:77:34:77:Infinity":12,"s:78:26:78:Infinity":13,"b:78:26:78:40:78:40:78:Infinity":4,"s:80:2:160:Infinity":14,"b:106:18:111:Infinity:113:18:118:Infinity":5,"f:109:27:109:28":7,"s:109:34:109:38":15,"f:117:29:117:35":8,"s:117:35:117:Infinity":16,"b:126:17:126:Infinity:127:18:129:Infinity":6,"b:151:19:151:35:151:35:151:Infinity":7}}}
,"D:\\opsc\\www-v2\\src\\components\\Donation.tsx": {"path":"D:\\opsc\\www-v2\\src\\components\\Donation.tsx","statementMap":{"0":{"start":{"line":16,"column":27},"end":{"line":180,"column":null}},"1":{"start":{"line":17,"column":24},"end":{"line":17,"column":null}},"2":{"start":{"line":19,"column":28},"end":{"line":21,"column":null}},"3":{"start":{"line":20,"column":4},"end":{"line":20,"column":null}},"4":{"start":{"line":23,"column":2},"end":{"line":178,"column":null}},"5":{"start":{"line":99,"column":18},"end":{"line":107,"column":null}},"6":{"start":{"line":152,"column":30},"end":{"line":152,"column":null}},"7":{"start":{"line":152,"column":47},"end":{"line":152,"column":61}},"8":{"start":{"line":161,"column":33},"end":{"line":161,"column":null}}},"fnMap":{"0":{"name":"(anonymous_0)","decl":{"start":{"line":16,"column":27},"end":{"line":16,"column":33}},"loc":{"start":{"line":16,"column":33},"end":{"line":180,"column":null}},"line":16},"1":{"name":"(anonymous_1)","decl":{"start":{"line":19,"column":28},"end":{"line":19,"column":34}},"loc":{"start":{"line":19,"column":34},"end":{"line":21,"column":null}},"line":19},"2":{"name":"(anonymous_2)","decl":{"start":{"line":98,"column":37},"end":{"line":98,"column":38}},"loc":{"start":{"line":99,"column":18},"end":{"line":107,"column":null}},"line":99},"3":{"name":"(anonymous_3)","decl":{"start":{"line":152,"column":24},"end":{"line":152,"column":30}},"loc":{"start":{"line":152,"column":30},"end":{"line":152,"column":null}},"line":152},"4":{"name":"(anonymous_4)","decl":{"start":{"line":152,"column":41},"end":{"line":152,"column":47}},"loc":{"start":{"line":152,"column":47},"end":{"line":152,"column":61}},"line":152},"5":{"name":"(anonymous_5)","decl":{"start":{"line":161,"column":26},"end":{"line":161,"column":27}},"loc":{"start":{"line":161,"column":33},"end":{"line":161,"column":null}},"line":161}},"branchMap":{},"s":{"0":1,"1":0,"2":0,"3":0,"4":0,"5":0,"6":0,"7":0,"8":0},"f":{"0":0,"1":0,"2":0,"3":0,"4":0,"5":0},"b":{},"meta":{"lastBranch":0,"lastFunction":6,"lastStatement":9,"seen":{"s:16:27:180:Infinity":0,"f:16:27:16:33":0,"s:17:24:17:Infinity":1,"s:19:28:21:Infinity":2,"f:19:28:19:34":1,"s:20:4:20:Infinity":3,"s:23:2:178:Infinity":4,"f:98:37:98:38":2,"s:99:18:107:Infinity":5,"f:152:24:152:30":3,"s:152:30:152:Infinity":6,"f:152:41:152:47":4,"s:152:47:152:61":7,"f:161:26:161:27":5,"s:161:33:161:Infinity":8}}}
,"D:\\opsc\\www-v2\\src\\components\\FAQItem.tsx": {"path":"D:\\opsc\\www-v2\\src\\components\\FAQItem.tsx","statementMap":{"0":{"start":{"line":10,"column":24},"end":{"line":13,"column":null}},"1":{"start":{"line":15,"column":34},"end":{"line":24,"column":null}},"2":{"start":{"line":26,"column":30},"end":{"line":29,"column":null}},"3":{"start":{"line":26,"column":52},"end":{"line":29,"column":null}},"4":{"start":{"line":31,"column":26},"end":{"line":38,"column":null}},"5":{"start":{"line":31,"column":48},"end":{"line":38,"column":null}},"6":{"start":{"line":40,"column":16},"end":{"line":87,"column":null}},"7":{"start":{"line":41,"column":26},"end":{"line":41,"column":null}},"8":{"start":{"line":43,"column":20},"end":{"line":43,"column":null}},"9":{"start":{"line":43,"column":26},"end":{"line":43,"column":null}},"10":{"start":{"line":43,"column":46},"end":{"line":43,"column":51}},"11":{"start":{"line":45,"column":2},"end":{"line":85,"column":null}}},"fnMap":{"0":{"name":"(anonymous_0)","decl":{"start":{"line":26,"column":30},"end":{"line":26,"column":31}},"loc":{"start":{"line":26,"column":52},"end":{"line":29,"column":null}},"line":26},"1":{"name":"(anonymous_1)","decl":{"start":{"line":31,"column":26},"end":{"line":31,"column":27}},"loc":{"start":{"line":31,"column":48},"end":{"line":38,"column":null}},"line":31},"2":{"name":"(anonymous_2)","decl":{"start":{"line":40,"column":16},"end":{"line":40,"column":17}},"loc":{"start":{"line":40,"column":63},"end":{"line":87,"column":null}},"line":40},"3":{"name":"(anonymous_3)","decl":{"start":{"line":43,"column":20},"end":{"line":43,"column":26}},"loc":{"start":{"line":43,"column":26},"end":{"line":43,"column":null}},"line":43},"4":{"name":"(anonymous_4)","decl":{"start":{"line":43,"column":36},"end":{"line":43,"column":37}},"loc":{"start":{"line":43,"column":46},"end":{"line":43,"column":51}},"line":43}},"branchMap":{"0":{"loc":{"start":{"line":28,"column":21},"end":{"line":28,"column":39}},"type":"cond-expr","locations":[{"start":{"line":28,"column":30},"end":{"line":28,"column":36}},{"start":{"line":28,"column":36},"end":{"line":28,"column":39}}],"line":28},"1":{"loc":{"start":{"line":34,"column":12},"end":{"line":34,"column":null}},"type":"cond-expr","locations":[{"start":{"line":34,"column":21},"end":{"line":34,"column":30}},{"start":{"line":34,"column":30},"end":{"line":34,"column":null}}],"line":34},"2":{"loc":{"start":{"line":35,"column":13},"end":{"line":35,"column":null}},"type":"cond-expr","locations":[{"start":{"line":35,"column":22},"end":{"line":35,"column":26}},{"start":{"line":35,"column":26},"end":{"line":35,"column":null}}],"line":35},"3":{"loc":{"start":{"line":66,"column":11},"end":{"line":66,"column":null}},"type":"cond-expr","locations":[{"start":{"line":66,"column":20},"end":{"line":66,"column":26}},{"start":{"line":66,"column":26},"end":{"line":66,"column":null}}],"line":66}},"s":{"0":1,"1":1,"2":1,"3":0,"4":1,"5":0,"6":1,"7":0,"8":0,"9":0,"10":0,"11":0},"f":{"0":0,"1":0,"2":0,"3":0,"4":0},"b":{"0":[0,0],"1":[0,0],"2":[0,0],"3":[0,0]},"meta":{"lastBranch":4,"lastFunction":5,"lastStatement":12,"seen":{"s:10:24:13:Infinity":0,"s:15:34:24:Infinity":1,"s:26:30:29:Infinity":2,"f:26:30:26:31":0,"s:26:52:29:Infinity":3,"b:28:30:28:36:28:36:28:39":0,"s:31:26:38:Infinity":4,"f:31:26:31:27":1,"s:31:48:38:Infinity":5,"b:34:21:34:30:34:30:34:Infinity":1,"b:35:22:35:26:35:26:35:Infinity":2,"s:40:16:87:Infinity":6,"f:40:16:40:17":2,"s:41:26:41:Infinity":7,"s:43:20:43:Infinity":8,"f:43:20:43:26":3,"s:43:26:43:Infinity":9,"f:43:36:43:37":4,"s:43:46:43:51":10,"s:45:2:85:Infinity":11,"b:66:20:66:26:66:26:66:Infinity":3}}}
,"D:\\opsc\\www-v2\\src\\components\\Info.tsx": {"path":"D:\\opsc\\www-v2\\src\\components\\Info.tsx","statementMap":{"0":{"start":{"line":13,"column":23},"end":{"line":291,"column":null}},"1":{"start":{"line":14,"column":36},"end":{"line":14,"column":null}},"2":{"start":{"line":16,"column":2},"end":{"line":26,"column":null}},"3":{"start":{"line":17,"column":25},"end":{"line":19,"column":null}},"4":{"start":{"line":18,"column":6},"end":{"line":18,"column":null}},"5":{"start":{"line":21,"column":4},"end":{"line":21,"column":null}},"6":{"start":{"line":23,"column":4},"end":{"line":23,"column":null}},"7":{"start":{"line":25,"column":4},"end":{"line":25,"column":null}},"8":{"start":{"line":25,"column":17},"end":{"line":25,"column":null}},"9":{"start":{"line":28,"column":29},"end":{"line":46,"column":null}},"10":{"start":{"line":29,"column":4},"end":{"line":46,"column":null}},"11":{"start":{"line":49,"column":2},"end":{"line":289,"column":null}},"12":{"start":{"line":105,"column":35},"end":{"line":105,"column":59}},"13":{"start":{"line":107,"column":18},"end":{"line":131,"column":null}},"14":{"start":{"line":156,"column":37},"end":{"line":156,"column":61}},"15":{"start":{"line":157,"column":41},"end":{"line":157,"column":71}}},"fnMap":{"0":{"name":"(anonymous_0)","decl":{"start":{"line":13,"column":23},"end":{"line":13,"column":29}},"loc":{"start":{"line":13,"column":29},"end":{"line":291,"column":null}},"line":13},"1":{"name":"(anonymous_1)","decl":{"start":{"line":16,"column":12},"end":{"line":16,"column":18}},"loc":{"start":{"line":16,"column":18},"end":{"line":26,"column":5}},"line":16},"2":{"name":"(anonymous_2)","decl":{"start":{"line":17,"column":25},"end":{"line":17,"column":31}},"loc":{"start":{"line":17,"column":31},"end":{"line":19,"column":null}},"line":17},"3":{"name":"(anonymous_3)","decl":{"start":{"line":25,"column":11},"end":{"line":25,"column":17}},"loc":{"start":{"line":25,"column":17},"end":{"line":25,"column":null}},"line":25},"4":{"name":"(anonymous_4)","decl":{"start":{"line":28,"column":29},"end":{"line":28,"column":30}},"loc":{"start":{"line":29,"column":4},"end":{"line":46,"column":null}},"line":29},"5":{"name":"(anonymous_5)","decl":{"start":{"line":105,"column":24},"end":{"line":105,"column":25}},"loc":{"start":{"line":105,"column":35},"end":{"line":105,"column":59}},"line":105},"6":{"name":"(anonymous_6)","decl":{"start":{"line":106,"column":21},"end":{"line":106,"column":22}},"loc":{"start":{"line":107,"column":18},"end":{"line":131,"column":null}},"line":107},"7":{"name":"(anonymous_7)","decl":{"start":{"line":156,"column":26},"end":{"line":156,"column":27}},"loc":{"start":{"line":156,"column":37},"end":{"line":156,"column":61}},"line":156},"8":{"name":"(anonymous_8)","decl":{"start":{"line":157,"column":23},"end":{"line":157,"column":24}},"loc":{"start":{"line":157,"column":41},"end":{"line":157,"column":71}},"line":157}},"branchMap":{"0":{"loc":{"start":{"line":36,"column":7},"end":{"line":44,"column":null}},"type":"binary-expr","locations":[{"start":{"line":36,"column":7},"end":{"line":36,"column":null}},{"start":{"line":37,"column":8},"end":{"line":44,"column":null}}],"line":36},"1":{"loc":{"start":{"line":116,"column":27},"end":{"line":116,"column":null}},"type":"binary-expr","locations":[{"start":{"line":116,"column":27},"end":{"line":116,"column":40}},{"start":{"line":116,"column":40},"end":{"line":116,"column":null}}],"line":116},"2":{"loc":{"start":{"line":121,"column":21},"end":{"line":129,"column":null}},"type":"binary-expr","locations":[{"start":{"line":121,"column":21},"end":{"line":121,"column":null}},{"start":{"line":122,"column":22},"end":{"line":129,"column":null}}],"line":121},"3":{"loc":{"start":{"line":229,"column":17},"end":{"line":254,"column":null}},"type":"binary-expr","locations":[{"start":{"line":229,"column":17},"end":{"line":229,"column":null}},{"start":{"line":230,"column":18},"end":{"line":254,"column":null}}],"line":229},"4":{"loc":{"start":{"line":237,"column":21},"end":{"line":247,"column":null}},"type":"binary-expr","locations":[{"start":{"line":237,"column":21},"end":{"line":237,"column":null}},{"start":{"line":238,"column":22},"end":{"line":247,"column":null}}],"line":237},"5":{"loc":{"start":{"line":249,"column":21},"end":{"line":252,"column":null}},"type":"binary-expr","locations":[{"start":{"line":249,"column":21},"end":{"line":249,"column":42}},{"start":{"line":249,"column":42},"end":{"line":249,"column":null}},{"start":{"line":250,"column":22},"end":{"line":252,"column":null}}],"line":249},"6":{"loc":{"start":{"line":258,"column":17},"end":{"line":282,"column":null}},"type":"binary-expr","locations":[{"start":{"line":258,"column":17},"end":{"line":258,"column":null}},{"start":{"line":259,"column":18},"end":{"line":282,"column":null}}],"line":258},"7":{"loc":{"start":{"line":266,"column":21},"end":{"line":275,"column":null}},"type":"binary-expr","locations":[{"start":{"line":266,"column":21},"end":{"line":266,"column":null}},{"start":{"line":267,"column":22},"end":{"line":275,"column":null}}],"line":266},"8":{"loc":{"start":{"line":277,"column":21},"end":{"line":280,"column":null}},"type":"binary-expr","locations":[{"start":{"line":277,"column":21},"end":{"line":277,"column":42}},{"start":{"line":277,"column":42},"end":{"line":277,"column":null}},{"start":{"line":278,"column":22},"end":{"line":280,"column":null}}],"line":277}},"s":{"0":1,"1":0,"2":0,"3":0,"4":0,"5":0,"6":0,"7":0,"8":0,"9":0,"10":0,"11":0,"12":0,"13":0,"14":0,"15":0},"f":{"0":0,"1":0,"2":0,"3":0,"4":0,"5":0,"6":0,"7":0,"8":0},"b":{"0":[0,0],"1":[0,0],"2":[0,0],"3":[0,0],"4":[0,0],"5":[0,0,0],"6":[0,0],"7":[0,0],"8":[0,0,0]},"meta":{"lastBranch":9,"lastFunction":9,"lastStatement":16,"seen":{"s:13:23:291:Infinity":0,"f:13:23:13:29":0,"s:14:36:14:Infinity":1,"s:16:2:26:Infinity":2,"f:16:12:16:18":1,"s:17:25:19:Infinity":3,"f:17:25:17:31":2,"s:18:6:18:Infinity":4,"s:21:4:21:Infinity":5,"s:23:4:23:Infinity":6,"s:25:4:25:Infinity":7,"f:25:11:25:17":3,"s:25:17:25:Infinity":8,"s:28:29:46:Infinity":9,"f:28:29:28:30":4,"s:29:4:46:Infinity":10,"b:36:7:36:Infinity:37:8:44:Infinity":0,"s:49:2:289:Infinity":11,"f:105:24:105:25":5,"s:105:35:105:59":12,"f:106:21:106:22":6,"s:107:18:131:Infinity":13,"b:116:27:116:40:116:40:116:Infinity":1,"b:121:21:121:Infinity:122:22:129:Infinity":2,"f:156:26:156:27":7,"s:156:37:156:61":14,"f:157:23:157:24":8,"s:157:41:157:71":15,"b:229:17:229:Infinity:230:18:254:Infinity":3,"b:237:21:237:Infinity:238:22:247:Infinity":4,"b:249:21:249:42:249:42:249:Infinity:250:22:252:Infinity":5,"b:258:17:258:Infinity:259:18:282:Infinity":6,"b:266:21:266:Infinity:267:22:275:Infinity":7,"b:277:21:277:42:277:42:277:Infinity:278:22:280:Infinity":8}}}
,"D:\\opsc\\www-v2\\src\\components\\JoinToggle.tsx": {"path":"D:\\opsc\\www-v2\\src\\components\\JoinToggle.tsx","statementMap":{"0":{"start":{"line":4,"column":19},"end":{"line":60,"column":null}},"1":{"start":{"line":5,"column":8},"end":{"line":5,"column":null}},"2":{"start":{"line":6,"column":8},"end":{"line":6,"column":null}},"3":{"start":{"line":9,"column":26},"end":{"line":9,"column":null}},"4":{"start":{"line":10,"column":20},"end":{"line":10,"column":null}},"5":{"start":{"line":12,"column":2},"end":{"line":58,"column":null}},"6":{"start":{"line":34,"column":27},"end":{"line":34,"column":null}},"7":{"start":{"line":52,"column":27},"end":{"line":52,"column":null}}},"fnMap":{"0":{"name":"(anonymous_0)","decl":{"start":{"line":4,"column":19},"end":{"line":4,"column":25}},"loc":{"start":{"line":4,"column":25},"end":{"line":60,"column":null}},"line":4},"1":{"name":"(anonymous_1)","decl":{"start":{"line":34,"column":21},"end":{"line":34,"column":27}},"loc":{"start":{"line":34,"column":27},"end":{"line":34,"column":null}},"line":34},"2":{"name":"(anonymous_2)","decl":{"start":{"line":52,"column":21},"end":{"line":52,"column":27}},"loc":{"start":{"line":52,"column":27},"end":{"line":52,"column":null}},"line":52}},"branchMap":{"0":{"loc":{"start":{"line":29,"column":21},"end":{"line":29,"column":null}},"type":"cond-expr","locations":[{"start":{"line":29,"column":39},"end":{"line":29,"column":51}},{"start":{"line":29,"column":51},"end":{"line":29,"column":null}}],"line":29},"1":{"loc":{"start":{"line":30,"column":23},"end":{"line":30,"column":null}},"type":"cond-expr","locations":[{"start":{"line":30,"column":41},"end":{"line":30,"column":45}},{"start":{"line":30,"column":45},"end":{"line":30,"column":null}}],"line":30},"2":{"loc":{"start":{"line":31,"column":21},"end":{"line":31,"column":null}},"type":"cond-expr","locations":[{"start":{"line":31,"column":39},"end":{"line":31,"column":45}},{"start":{"line":31,"column":45},"end":{"line":31,"column":null}}],"line":31},"3":{"loc":{"start":{"line":34,"column":27},"end":{"line":34,"column":null}},"type":"binary-expr","locations":[{"start":{"line":34,"column":27},"end":{"line":34,"column":47}},{"start":{"line":34,"column":47},"end":{"line":34,"column":null}}],"line":34},"4":{"loc":{"start":{"line":47,"column":21},"end":{"line":47,"column":null}},"type":"cond-expr","locations":[{"start":{"line":47,"column":33},"end":{"line":47,"column":45}},{"start":{"line":47,"column":45},"end":{"line":47,"column":null}}],"line":47},"5":{"loc":{"start":{"line":48,"column":23},"end":{"line":48,"column":null}},"type":"cond-expr","locations":[{"start":{"line":48,"column":35},"end":{"line":48,"column":39}},{"start":{"line":48,"column":39},"end":{"line":48,"column":null}}],"line":48},"6":{"loc":{"start":{"line":49,"column":21},"end":{"line":49,"column":null}},"type":"cond-expr","locations":[{"start":{"line":49,"column":33},"end":{"line":49,"column":39}},{"start":{"line":49,"column":39},"end":{"line":49,"column":null}}],"line":49},"7":{"loc":{"start":{"line":52,"column":27},"end":{"line":52,"column":null}},"type":"binary-expr","locations":[{"start":{"line":52,"column":27},"end":{"line":52,"column":41}},{"start":{"line":52,"column":41},"end":{"line":52,"column":null}}],"line":52}},"s":{"0":1,"1":0,"2":0,"3":0,"4":0,"5":0,"6":0,"7":0},"f":{"0":0,"1":0,"2":0},"b":{"0":[0,0],"1":[0,0],"2":[0,0],"3":[0,0],"4":[0,0],"5":[0,0],"6":[0,0],"7":[0,0]},"meta":{"lastBranch":8,"lastFunction":3,"lastStatement":8,"seen":{"s:4:19:60:Infinity":0,"f:4:19:4:25":0,"s:5:8:5:Infinity":1,"s:6:8:6:Infinity":2,"s:9:26:9:Infinity":3,"s:10:20:10:Infinity":4,"s:12:2:58:Infinity":5,"b:29:39:29:51:29:51:29:Infinity":0,"b:30:41:30:45:30:45:30:Infinity":1,"b:31:39:31:45:31:45:31:Infinity":2,"f:34:21:34:27":1,"s:34:27:34:Infinity":6,"b:34:27:34:47:34:47:34:Infinity":3,"b:47:33:47:45:47:45:47:Infinity":4,"b:48:35:48:39:48:39:48:Infinity":5,"b:49:33:49:39:49:39:49:Infinity":6,"f:52:21:52:27":2,"s:52:27:52:Infinity":7,"b:52:27:52:41:52:41:52:Infinity":7}}}
,"D:\\opsc\\www-v2\\src\\components\\PostCard.tsx": {"path":"D:\\opsc\\www-v2\\src\\components\\PostCard.tsx","statementMap":{"0":{"start":{"line":16,"column":42},"end":{"line":144,"column":null}},"1":{"start":{"line":26,"column":4},"end":{"line":58,"column":null}},"2":{"start":{"line":27,"column":6},"end":{"line":56,"column":null}},"3":{"start":{"line":61,"column":4},"end":{"line":141,"column":null}},"4":{"start":{"line":66,"column":23},"end":{"line":66,"column":null}},"5":{"start":{"line":99,"column":30},"end":{"line":99,"column":null}}},"fnMap":{"0":{"name":"(anonymous_0)","decl":{"start":{"line":17,"column":2},"end":{"line":17,"column":3}},"loc":{"start":{"line":24,"column":8},"end":{"line":143,"column":null}},"line":24},"1":{"name":"(anonymous_1)","decl":{"start":{"line":22,"column":18},"end":{"line":22,"column":24}},"loc":{"start":{"line":22,"column":24},"end":{"line":22,"column":null}},"line":22},"2":{"name":"(anonymous_2)","decl":{"start":{"line":23,"column":19},"end":{"line":23,"column":25}},"loc":{"start":{"line":23,"column":25},"end":{"line":23,"column":null}},"line":23},"3":{"name":"(anonymous_3)","decl":{"start":{"line":66,"column":17},"end":{"line":66,"column":23}},"loc":{"start":{"line":66,"column":23},"end":{"line":66,"column":null}},"line":66},"4":{"name":"(anonymous_4)","decl":{"start":{"line":99,"column":23},"end":{"line":99,"column":24}},"loc":{"start":{"line":99,"column":30},"end":{"line":99,"column":null}},"line":99}},"branchMap":{"0":{"loc":{"start":{"line":21,"column":4},"end":{"line":21,"column":null}},"type":"default-arg","locations":[{"start":{"line":21,"column":16},"end":{"line":21,"column":null}}],"line":21},"1":{"loc":{"start":{"line":22,"column":4},"end":{"line":22,"column":null}},"type":"default-arg","locations":[{"start":{"line":22,"column":18},"end":{"line":22,"column":null}}],"line":22},"2":{"loc":{"start":{"line":23,"column":4},"end":{"line":23,"column":null}},"type":"default-arg","locations":[{"start":{"line":23,"column":19},"end":{"line":23,"column":null}}],"line":23},"3":{"loc":{"start":{"line":26,"column":4},"end":{"line":58,"column":null}},"type":"if","locations":[{"start":{"line":26,"column":4},"end":{"line":58,"column":null}},{"start":{},"end":{}}],"line":26},"4":{"loc":{"start":{"line":26,"column":8},"end":{"line":26,"column":28}},"type":"binary-expr","locations":[{"start":{"line":26,"column":8},"end":{"line":26,"column":21}},{"start":{"line":26,"column":21},"end":{"line":26,"column":28}}],"line":26},"5":{"loc":{"start":{"line":30,"column":12},"end":{"line":34,"column":null}},"type":"cond-expr","locations":[{"start":{"line":31,"column":16},"end":{"line":31,"column":null}},{"start":{"line":32,"column":16},"end":{"line":34,"column":null}}],"line":30},"6":{"loc":{"start":{"line":32,"column":16},"end":{"line":34,"column":null}},"type":"cond-expr","locations":[{"start":{"line":33,"column":18},"end":{"line":33,"column":null}},{"start":{"line":34,"column":18},"end":{"line":34,"column":null}}],"line":32},"7":{"loc":{"start":{"line":41,"column":26},"end":{"line":41,"column":99}},"type":"cond-expr","locations":[{"start":{"line":41,"column":48},"end":{"line":41,"column":58}},{"start":{"line":41,"column":58},"end":{"line":41,"column":99}}],"line":41},"8":{"loc":{"start":{"line":41,"column":58},"end":{"line":41,"column":99}},"type":"cond-expr","locations":[{"start":{"line":41,"column":84},"end":{"line":41,"column":93}},{"start":{"line":41,"column":93},"end":{"line":41,"column":99}}],"line":41},"9":{"loc":{"start":{"line":46,"column":26},"end":{"line":46,"column":60}},"type":"cond-expr","locations":[{"start":{"line":46,"column":48},"end":{"line":46,"column":58}},{"start":{"line":46,"column":58},"end":{"line":46,"column":60}}],"line":46},"10":{"loc":{"start":{"line":64,"column":10},"end":{"line":64,"column":null}},"type":"cond-expr","locations":[{"start":{"line":64,"column":32},"end":{"line":64,"column":41}},{"start":{"line":64,"column":41},"end":{"line":64,"column":null}}],"line":64},"11":{"loc":{"start":{"line":72,"column":27},"end":{"line":72,"column":61}},"type":"cond-expr","locations":[{"start":{"line":72,"column":49},"end":{"line":72,"column":59}},{"start":{"line":72,"column":59},"end":{"line":72,"column":61}}],"line":72},"12":{"loc":{"start":{"line":74,"column":26},"end":{"line":74,"column":65}},"type":"cond-expr","locations":[{"start":{"line":74,"column":48},"end":{"line":74,"column":59}},{"start":{"line":74,"column":59},"end":{"line":74,"column":65}}],"line":74},"13":{"loc":{"start":{"line":76,"column":13},"end":{"line":87,"column":null}},"type":"cond-expr","locations":[{"start":{"line":77,"column":14},"end":{"line":83,"column":null}},{"start":{"line":85,"column":14},"end":{"line":87,"column":null}}],"line":76},"14":{"loc":{"start":{"line":91,"column":11},"end":{"line":94,"column":null}},"type":"binary-expr","locations":[{"start":{"line":91,"column":11},"end":{"line":91,"column":null}},{"start":{"line":92,"column":12},"end":{"line":94,"column":null}}],"line":91},"15":{"loc":{"start":{"line":110,"column":24},"end":{"line":110,"column":58}},"type":"cond-expr","locations":[{"start":{"line":110,"column":46},"end":{"line":110,"column":56}},{"start":{"line":110,"column":56},"end":{"line":110,"column":58}}],"line":110},"16":{"loc":{"start":{"line":115,"column":16},"end":{"line":115,"column":null}},"type":"cond-expr","locations":[{"start":{"line":115,"column":38},"end":{"line":115,"column":50}},{"start":{"line":115,"column":50},"end":{"line":115,"column":null}}],"line":115},"17":{"loc":{"start":{"line":126,"column":13},"end":{"line":130,"column":null}},"type":"binary-expr","locations":[{"start":{"line":126,"column":13},"end":{"line":126,"column":null}},{"start":{"line":127,"column":14},"end":{"line":130,"column":null}}],"line":126}},"s":{"0":1,"1":0,"2":0,"3":0,"4":0,"5":0},"f":{"0":0,"1":0,"2":0,"3":0,"4":0},"b":{"0":[0],"1":[0],"2":[0],"3":[0,0],"4":[0,0],"5":[0,0],"6":[0,0],"7":[0,0],"8":[0,0],"9":[0,0],"10":[0,0],"11":[0,0],"12":[0,0],"13":[0,0],"14":[0,0],"15":[0,0],"16":[0,0],"17":[0,0]},"meta":{"lastBranch":18,"lastFunction":5,"lastStatement":6,"seen":{"s:16:42:144:Infinity":0,"f:17:2:17:3":0,"b:21:16:21:Infinity":0,"b:22:18:22:Infinity":1,"f:22:18:22:24":1,"b:23:19:23:Infinity":2,"f:23:19:23:25":2,"b:26:4:58:Infinity:undefined:undefined:undefined:undefined":3,"s:26:4:58:Infinity":1,"b:26:8:26:21:26:21:26:28":4,"s:27:6:56:Infinity":2,"b:31:16:31:Infinity:32:16:34:Infinity":5,"b:33:18:33:Infinity:34:18:34:Infinity":6,"b:41:48:41:58:41:58:41:99":7,"b:41:84:41:93:41:93:41:99":8,"b:46:48:46:58:46:58:46:60":9,"s:61:4:141:Infinity":3,"b:64:32:64:41:64:41:64:Infinity":10,"f:66:17:66:23":3,"s:66:23:66:Infinity":4,"b:72:49:72:59:72:59:72:61":11,"b:74:48:74:59:74:59:74:65":12,"b:77:14:83:Infinity:85:14:87:Infinity":13,"b:91:11:91:Infinity:92:12:94:Infinity":14,"f:99:23:99:24":4,"s:99:30:99:Infinity":5,"b:110:46:110:56:110:56:110:58":15,"b:115:38:115:50:115:50:115:Infinity":16,"b:126:13:126:Infinity:127:14:130:Infinity":17}}}
,"D:\\opsc\\www-v2\\src\\components\\Product.tsx": {"path":"D:\\opsc\\www-v2\\src\\components\\Product.tsx","statementMap":{"0":{"start":{"line":7,"column":16},"end":{"line":17,"column":null}},"1":{"start":{"line":8,"column":2},"end":{"line":15,"column":null}},"2":{"start":{"line":12,"column":10},"end":{"line":12,"column":null}},"3":{"start":{"line":19,"column":20},"end":{"line":101,"column":null}},"4":{"start":{"line":20,"column":20},"end":{"line":20,"column":null}},"5":{"start":{"line":21,"column":28},"end":{"line":21,"column":null}},"6":{"start":{"line":22,"column":38},"end":{"line":22,"column":null}},"7":{"start":{"line":24,"column":2},"end":{"line":30,"column":null}},"8":{"start":{"line":25,"column":4},"end":{"line":25,"column":null}},"9":{"start":{"line":25,"column":28},"end":{"line":25,"column":null}},"10":{"start":{"line":26,"column":21},"end":{"line":28,"column":null}},"11":{"start":{"line":27,"column":6},"end":{"line":27,"column":null}},"12":{"start":{"line":27,"column":33},"end":{"line":27,"column":78}},"13":{"start":{"line":29,"column":4},"end":{"line":29,"column":null}},"14":{"start":{"line":29,"column":17},"end":{"line":29,"column":null}},"15":{"start":{"line":32,"column":2},"end":{"line":99,"column":null}},"16":{"start":{"line":38,"column":31},"end":{"line":38,"column":null}},"17":{"start":{"line":48,"column":12},"end":{"line":54,"column":null}},"18":{"start":{"line":62,"column":27},"end":{"line":62,"column":null}},"19":{"start":{"line":62,"column":53},"end":{"line":62,"column":61}},"20":{"start":{"line":72,"column":27},"end":{"line":72,"column":null}},"21":{"start":{"line":72,"column":53},"end":{"line":72,"column":61}}},"fnMap":{"0":{"name":"(anonymous_0)","decl":{"start":{"line":7,"column":16},"end":{"line":7,"column":22}},"loc":{"start":{"line":7,"column":22},"end":{"line":17,"column":null}},"line":7},"1":{"name":"(anonymous_1)","decl":{"start":{"line":11,"column":22},"end":{"line":11,"column":23}},"loc":{"start":{"line":12,"column":10},"end":{"line":12,"column":null}},"line":12},"2":{"name":"(anonymous_2)","decl":{"start":{"line":19,"column":20},"end":{"line":19,"column":21}},"loc":{"start":{"line":19,"column":63},"end":{"line":101,"column":null}},"line":19},"3":{"name":"(anonymous_3)","decl":{"start":{"line":24,"column":12},"end":{"line":24,"column":18}},"loc":{"start":{"line":24,"column":18},"end":{"line":30,"column":5}},"line":24},"4":{"name":"(anonymous_4)","decl":{"start":{"line":26,"column":33},"end":{"line":26,"column":39}},"loc":{"start":{"line":26,"column":39},"end":{"line":28,"column":7}},"line":26},"5":{"name":"(anonymous_5)","decl":{"start":{"line":27,"column":22},"end":{"line":27,"column":23}},"loc":{"start":{"line":27,"column":33},"end":{"line":27,"column":78}},"line":27},"6":{"name":"(anonymous_6)","decl":{"start":{"line":29,"column":11},"end":{"line":29,"column":17}},"loc":{"start":{"line":29,"column":17},"end":{"line":29,"column":null}},"line":29},"7":{"name":"(anonymous_7)","decl":{"start":{"line":38,"column":20},"end":{"line":38,"column":21}},"loc":{"start":{"line":38,"column":31},"end":{"line":38,"column":null}},"line":38},"8":{"name":"(anonymous_8)","decl":{"start":{"line":47,"column":25},"end":{"line":47,"column":26}},"loc":{"start":{"line":48,"column":12},"end":{"line":54,"column":null}},"line":48},"9":{"name":"(anonymous_9)","decl":{"start":{"line":62,"column":21},"end":{"line":62,"column":27}},"loc":{"start":{"line":62,"column":27},"end":{"line":62,"column":null}},"line":62},"10":{"name":"(anonymous_10)","decl":{"start":{"line":62,"column":43},"end":{"line":62,"column":44}},"loc":{"start":{"line":62,"column":53},"end":{"line":62,"column":61}},"line":62},"11":{"name":"(anonymous_11)","decl":{"start":{"line":72,"column":21},"end":{"line":72,"column":27}},"loc":{"start":{"line":72,"column":27},"end":{"line":72,"column":null}},"line":72},"12":{"name":"(anonymous_12)","decl":{"start":{"line":72,"column":43},"end":{"line":72,"column":44}},"loc":{"start":{"line":72,"column":53},"end":{"line":72,"column":61}},"line":72}},"branchMap":{"0":{"loc":{"start":{"line":25,"column":4},"end":{"line":25,"column":null}},"type":"if","locations":[{"start":{"line":25,"column":4},"end":{"line":25,"column":null}},{"start":{},"end":{}}],"line":25},"1":{"loc":{"start":{"line":27,"column":33},"end":{"line":27,"column":78}},"type":"cond-expr","locations":[{"start":{"line":27,"column":65},"end":{"line":27,"column":69}},{"start":{"line":27,"column":69},"end":{"line":27,"column":78}}],"line":27},"2":{"loc":{"start":{"line":59,"column":9},"end":{"line":65,"column":null}},"type":"binary-expr","locations":[{"start":{"line":59,"column":9},"end":{"line":59,"column":30}},{"start":{"line":59,"column":30},"end":{"line":59,"column":null}},{"start":{"line":60,"column":10},"end":{"line":65,"column":null}}],"line":59},"3":{"loc":{"start":{"line":69,"column":9},"end":{"line":75,"column":null}},"type":"binary-expr","locations":[{"start":{"line":69,"column":9},"end":{"line":69,"column":30}},{"start":{"line":69,"column":30},"end":{"line":69,"column":null}},{"start":{"line":70,"column":10},"end":{"line":75,"column":null}}],"line":69}},"s":{"0":1,"1":0,"2":0,"3":1,"4":0,"5":0,"6":0,"7":0,"8":0,"9":0,"10":0,"11":0,"12":0,"13":0,"14":0,"15":0,"16":0,"17":0,"18":0,"19":0,"20":0,"21":0},"f":{"0":0,"1":0,"2":0,"3":0,"4":0,"5":0,"6":0,"7":0,"8":0,"9":0,"10":0,"11":0,"12":0},"b":{"0":[0,0],"1":[0,0],"2":[0,0,0],"3":[0,0,0]},"meta":{"lastBranch":4,"lastFunction":13,"lastStatement":22,"seen":{"s:7:16:17:Infinity":0,"f:7:16:7:22":0,"s:8:2:15:Infinity":1,"f:11:22:11:23":1,"s:12:10:12:Infinity":2,"s:19:20:101:Infinity":3,"f:19:20:19:21":2,"s:20:20:20:Infinity":4,"s:21:28:21:Infinity":5,"s:22:38:22:Infinity":6,"s:24:2:30:Infinity":7,"f:24:12:24:18":3,"b:25:4:25:Infinity:undefined:undefined:undefined:undefined":0,"s:25:4:25:Infinity":8,"s:25:28:25:Infinity":9,"s:26:21:28:Infinity":10,"f:26:33:26:39":4,"s:27:6:27:Infinity":11,"f:27:22:27:23":5,"s:27:33:27:78":12,"b:27:65:27:69:27:69:27:78":1,"s:29:4:29:Infinity":13,"f:29:11:29:17":6,"s:29:17:29:Infinity":14,"s:32:2:99:Infinity":15,"f:38:20:38:21":7,"s:38:31:38:Infinity":16,"f:47:25:47:26":8,"s:48:12:54:Infinity":17,"b:59:9:59:30:59:30:59:Infinity:60:10:65:Infinity":2,"f:62:21:62:27":9,"s:62:27:62:Infinity":18,"f:62:43:62:44":10,"s:62:53:62:61":19,"b:69:9:69:30:69:30:69:Infinity:70:10:75:Infinity":3,"f:72:21:72:27":11,"s:72:27:72:Infinity":20,"f:72:43:72:44":12,"s:72:53:72:61":21}}}
,"D:\\opsc\\www-v2\\src\\components\\ScrollToTop.tsx": {"path":"D:\\opsc\\www-v2\\src\\components\\ScrollToTop.tsx","statementMap":{"0":{"start":{"line":4,"column":28},"end":{"line":4,"column":null}},"1":{"start":{"line":6,"column":2},"end":{"line":11,"column":null}},"2":{"start":{"line":7,"column":21},"end":{"line":7,"column":null}},"3":{"start":{"line":7,"column":27},"end":{"line":7,"column":null}},"4":{"start":{"line":8,"column":4},"end":{"line":8,"column":null}},"5":{"start":{"line":9,"column":4},"end":{"line":9,"column":null}},"6":{"start":{"line":10,"column":4},"end":{"line":10,"column":null}},"7":{"start":{"line":10,"column":17},"end":{"line":10,"column":null}},"8":{"start":{"line":13,"column":2},"end":{"line":13,"column":null}},"9":{"start":{"line":13,"column":16},"end":{"line":13,"column":null}},"10":{"start":{"line":15,"column":2},"end":{"line":42,"column":null}},"11":{"start":{"line":18,"column":21},"end":{"line":18,"column":null}}},"fnMap":{"0":{"name":"ScrollToTop","decl":{"start":{"line":3,"column":24},"end":{"line":3,"column":38}},"loc":{"start":{"line":3,"column":38},"end":{"line":44,"column":null}},"line":3},"1":{"name":"(anonymous_1)","decl":{"start":{"line":6,"column":12},"end":{"line":6,"column":18}},"loc":{"start":{"line":6,"column":18},"end":{"line":11,"column":5}},"line":6},"2":{"name":"(anonymous_2)","decl":{"start":{"line":7,"column":21},"end":{"line":7,"column":27}},"loc":{"start":{"line":7,"column":27},"end":{"line":7,"column":null}},"line":7},"3":{"name":"(anonymous_3)","decl":{"start":{"line":10,"column":11},"end":{"line":10,"column":17}},"loc":{"start":{"line":10,"column":17},"end":{"line":10,"column":null}},"line":10},"4":{"name":"(anonymous_4)","decl":{"start":{"line":18,"column":15},"end":{"line":18,"column":21}},"loc":{"start":{"line":18,"column":21},"end":{"line":18,"column":null}},"line":18}},"branchMap":{"0":{"loc":{"start":{"line":13,"column":2},"end":{"line":13,"column":null}},"type":"if","locations":[{"start":{"line":13,"column":2},"end":{"line":13,"column":null}},{"start":{},"end":{}}],"line":13}},"s":{"0":1,"1":1,"2":1,"3":1,"4":1,"5":1,"6":1,"7":1,"8":1,"9":1,"10":0,"11":0},"f":{"0":1,"1":1,"2":1,"3":1,"4":0},"b":{"0":[1,0]},"meta":{"lastBranch":1,"lastFunction":5,"lastStatement":12,"seen":{"f:3:24:3:38":0,"s:4:28:4:Infinity":0,"s:6:2:11:Infinity":1,"f:6:12:6:18":1,"s:7:21:7:Infinity":2,"f:7:21:7:27":2,"s:7:27:7:Infinity":3,"s:8:4:8:Infinity":4,"s:9:4:9:Infinity":5,"s:10:4:10:Infinity":6,"f:10:11:10:17":3,"s:10:17:10:Infinity":7,"b:13:2:13:Infinity:undefined:undefined:undefined:undefined":0,"s:13:2:13:Infinity":8,"s:13:16:13:Infinity":9,"s:15:2:42:Infinity":10,"f:18:15:18:21":4,"s:18:21:18:Infinity":11}}}
,"D:\\opsc\\www-v2\\src\\components\\ShareModal.tsx": {"path":"D:\\opsc\\www-v2\\src\\components\\ShareModal.tsx","statementMap":{"0":{"start":{"line":11,"column":21},"end":{"line":125,"column":null}},"1":{"start":{"line":15,"column":6},"end":{"line":15,"column":null}},"2":{"start":{"line":16,"column":6},"end":{"line":29,"column":null}},"3":{"start":{"line":48,"column":6},"end":{"line":51,"column":null}},"4":{"start":{"line":60,"column":6},"end":{"line":63,"column":null}},"5":{"start":{"line":77,"column":6},"end":{"line":80,"column":null}},"6":{"start":{"line":94,"column":6},"end":{"line":97,"column":null}},"7":{"start":{"line":111,"column":6},"end":{"line":114,"column":null}},"8":{"start":{"line":127,"column":46},"end":{"line":195,"column":null}},"9":{"start":{"line":134,"column":2},"end":{"line":134,"column":null}},"10":{"start":{"line":134,"column":13},"end":{"line":134,"column":null}},"11":{"start":{"line":136,"column":25},"end":{"line":141,"column":null}},"12":{"start":{"line":137,"column":4},"end":{"line":140,"column":null}},"13":{"start":{"line":138,"column":6},"end":{"line":138,"column":null}},"14":{"start":{"line":139,"column":6},"end":{"line":139,"column":null}},"15":{"start":{"line":143,"column":2},"end":{"line":193,"column":null}},"16":{"start":{"line":181,"column":12},"end":{"line":189,"column":null}},"17":{"start":{"line":183,"column":29},"end":{"line":183,"column":null}}},"fnMap":{"0":{"name":"(anonymous_0)","decl":{"start":{"line":14,"column":12},"end":{"line":14,"column":19}},"loc":{"start":{"line":14,"column":35},"end":{"line":30,"column":null}},"line":14},"1":{"name":"(anonymous_1)","decl":{"start":{"line":47,"column":12},"end":{"line":47,"column":13}},"loc":{"start":{"line":47,"column":44},"end":{"line":52,"column":null}},"line":47},"2":{"name":"(anonymous_2)","decl":{"start":{"line":59,"column":12},"end":{"line":59,"column":13}},"loc":{"start":{"line":59,"column":29},"end":{"line":64,"column":null}},"line":59},"3":{"name":"(anonymous_3)","decl":{"start":{"line":76,"column":12},"end":{"line":76,"column":13}},"loc":{"start":{"line":76,"column":44},"end":{"line":81,"column":null}},"line":76},"4":{"name":"(anonymous_4)","decl":{"start":{"line":93,"column":12},"end":{"line":93,"column":13}},"loc":{"start":{"line":93,"column":44},"end":{"line":98,"column":null}},"line":93},"5":{"name":"(anonymous_5)","decl":{"start":{"line":110,"column":12},"end":{"line":110,"column":13}},"loc":{"start":{"line":110,"column":44},"end":{"line":115,"column":null}},"line":110},"6":{"name":"(anonymous_6)","decl":{"start":{"line":127,"column":46},"end":{"line":127,"column":47}},"loc":{"start":{"line":133,"column":6},"end":{"line":195,"column":null}},"line":133},"7":{"name":"(anonymous_7)","decl":{"start":{"line":136,"column":25},"end":{"line":136,"column":31}},"loc":{"start":{"line":136,"column":31},"end":{"line":141,"column":null}},"line":136},"8":{"name":"(anonymous_8)","decl":{"start":{"line":180,"column":28},"end":{"line":180,"column":29}},"loc":{"start":{"line":181,"column":12},"end":{"line":189,"column":null}},"line":181},"9":{"name":"(anonymous_9)","decl":{"start":{"line":183,"column":23},"end":{"line":183,"column":29}},"loc":{"start":{"line":183,"column":29},"end":{"line":183,"column":null}},"line":183}},"branchMap":{"0":{"loc":{"start":{"line":134,"column":2},"end":{"line":134,"column":null}},"type":"if","locations":[{"start":{"line":134,"column":2},"end":{"line":134,"column":null}},{"start":{},"end":{}}],"line":134},"1":{"loc":{"start":{"line":137,"column":4},"end":{"line":140,"column":null}},"type":"if","locations":[{"start":{"line":137,"column":4},"end":{"line":140,"column":null}},{"start":{},"end":{}}],"line":137},"2":{"loc":{"start":{"line":171,"column":11},"end":{"line":178,"column":null}},"type":"binary-expr","locations":[{"start":{"line":171,"column":11},"end":{"line":171,"column":null}},{"start":{"line":172,"column":12},"end":{"line":178,"column":null}}],"line":171}},"s":{"0":1,"1":0,"2":0,"3":0,"4":0,"5":0,"6":0,"7":0,"8":1,"9":0,"10":0,"11":0,"12":0,"13":0,"14":0,"15":0,"16":0,"17":0},"f":{"0":0,"1":0,"2":0,"3":0,"4":0,"5":0,"6":0,"7":0,"8":0,"9":0},"b":{"0":[0,0],"1":[0,0],"2":[0,0]},"meta":{"lastBranch":3,"lastFunction":10,"lastStatement":18,"seen":{"s:11:21:125:Infinity":0,"f:14:12:14:19":0,"s:15:6:15:Infinity":1,"s:16:6:29:Infinity":2,"f:47:12:47:13":1,"s:48:6:51:Infinity":3,"f:59:12:59:13":2,"s:60:6:63:Infinity":4,"f:76:12:76:13":3,"s:77:6:80:Infinity":5,"f:93:12:93:13":4,"s:94:6:97:Infinity":6,"f:110:12:110:13":5,"s:111:6:114:Infinity":7,"s:127:46:195:Infinity":8,"f:127:46:127:47":6,"b:134:2:134:Infinity:undefined:undefined:undefined:undefined":0,"s:134:2:134:Infinity":9,"s:134:13:134:Infinity":10,"s:136:25:141:Infinity":11,"f:136:25:136:31":7,"b:137:4:140:Infinity:undefined:undefined:undefined:undefined":1,"s:137:4:140:Infinity":12,"s:138:6:138:Infinity":13,"s:139:6:139:Infinity":14,"s:143:2:193:Infinity":15,"b:171:11:171:Infinity:172:12:178:Infinity":2,"f:180:28:180:29":8,"s:181:12:189:Infinity":16,"f:183:23:183:29":9,"s:183:29:183:Infinity":17}}}
,"D:\\opsc\\www-v2\\src\\components\\Stats.tsx": {"path":"D:\\opsc\\www-v2\\src\\components\\Stats.tsx","statementMap":{"0":{"start":{"line":12,"column":14},"end":{"line":348,"column":null}},"1":{"start":{"line":13,"column":44},"end":{"line":13,"column":null}},"2":{"start":{"line":14,"column":46},"end":{"line":14,"column":null}},"3":{"start":{"line":15,"column":22},"end":{"line":17,"column":null}},"4":{"start":{"line":16,"column":10},"end":{"line":16,"column":null}},"5":{"start":{"line":18,"column":8},"end":{"line":18,"column":null}},"6":{"start":{"line":19,"column":8},"end":{"line":19,"column":null}},"7":{"start":{"line":22,"column":2},"end":{"line":37,"column":null}},"8":{"start":{"line":23,"column":25},"end":{"line":33,"column":null}},"9":{"start":{"line":24,"column":23},"end":{"line":24,"column":null}},"10":{"start":{"line":25,"column":27},"end":{"line":25,"column":null}},"11":{"start":{"line":28,"column":6},"end":{"line":32,"column":null}},"12":{"start":{"line":29,"column":8},"end":{"line":29,"column":null}},"13":{"start":{"line":30,"column":8},"end":{"line":30,"column":null}},"14":{"start":{"line":31,"column":8},"end":{"line":31,"column":null}},"15":{"start":{"line":35,"column":4},"end":{"line":35,"column":null}},"16":{"start":{"line":36,"column":4},"end":{"line":36,"column":null}},"17":{"start":{"line":36,"column":17},"end":{"line":36,"column":null}},"18":{"start":{"line":40,"column":2},"end":{"line":56,"column":null}},"19":{"start":{"line":41,"column":31},"end":{"line":46,"column":null}},"20":{"start":{"line":42,"column":6},"end":{"line":45,"column":null}},"21":{"start":{"line":43,"column":8},"end":{"line":43,"column":null}},"22":{"start":{"line":44,"column":8},"end":{"line":44,"column":null}},"23":{"start":{"line":49,"column":4},"end":{"line":49,"column":null}},"24":{"start":{"line":50,"column":4},"end":{"line":50,"column":null}},"25":{"start":{"line":52,"column":4},"end":{"line":55,"column":null}},"26":{"start":{"line":53,"column":6},"end":{"line":53,"column":null}},"27":{"start":{"line":54,"column":6},"end":{"line":54,"column":null}},"28":{"start":{"line":58,"column":2},"end":{"line":346,"column":null}},"29":{"start":{"line":157,"column":12},"end":{"line":190,"column":null}},"30":{"start":{"line":197,"column":12},"end":{"line":230,"column":null}},"31":{"start":{"line":258,"column":29},"end":{"line":258,"column":null}},"32":{"start":{"line":260,"column":30},"end":{"line":260,"column":null}},"33":{"start":{"line":261,"column":33},"end":{"line":261,"column":null}},"34":{"start":{"line":263,"column":12},"end":{"line":341,"column":null}},"35":{"start":{"line":277,"column":18},"end":{"line":277,"column":null}},"36":{"start":{"line":279,"column":18},"end":{"line":285,"column":null}},"37":{"start":{"line":280,"column":20},"end":{"line":280,"column":null}},"38":{"start":{"line":281,"column":20},"end":{"line":281,"column":null}},"39":{"start":{"line":283,"column":20},"end":{"line":283,"column":null}},"40":{"start":{"line":284,"column":20},"end":{"line":284,"column":null}},"41":{"start":{"line":288,"column":18},"end":{"line":290,"column":null}},"42":{"start":{"line":289,"column":20},"end":{"line":289,"column":null}},"43":{"start":{"line":293,"column":18},"end":{"line":295,"column":null}},"44":{"start":{"line":294,"column":20},"end":{"line":294,"column":null}},"45":{"start":{"line":299,"column":18},"end":{"line":299,"column":null}}},"fnMap":{"0":{"name":"(anonymous_0)","decl":{"start":{"line":12,"column":14},"end":{"line":12,"column":20}},"loc":{"start":{"line":12,"column":20},"end":{"line":348,"column":null}},"line":12},"1":{"name":"(anonymous_1)","decl":{"start":{"line":16,"column":4},"end":{"line":16,"column":10}},"loc":{"start":{"line":16,"column":10},"end":{"line":16,"column":null}},"line":16},"2":{"name":"(anonymous_2)","decl":{"start":{"line":22,"column":12},"end":{"line":22,"column":18}},"loc":{"start":{"line":22,"column":18},"end":{"line":37,"column":5}},"line":22},"3":{"name":"(anonymous_3)","decl":{"start":{"line":23,"column":25},"end":{"line":23,"column":31}},"loc":{"start":{"line":23,"column":31},"end":{"line":33,"column":null}},"line":23},"4":{"name":"(anonymous_4)","decl":{"start":{"line":36,"column":11},"end":{"line":36,"column":17}},"loc":{"start":{"line":36,"column":17},"end":{"line":36,"column":null}},"line":36},"5":{"name":"(anonymous_5)","decl":{"start":{"line":40,"column":12},"end":{"line":40,"column":18}},"loc":{"start":{"line":40,"column":18},"end":{"line":56,"column":5}},"line":40},"6":{"name":"(anonymous_6)","decl":{"start":{"line":41,"column":31},"end":{"line":41,"column":32}},"loc":{"start":{"line":41,"column":67},"end":{"line":46,"column":null}},"line":41},"7":{"name":"(anonymous_7)","decl":{"start":{"line":52,"column":11},"end":{"line":52,"column":17}},"loc":{"start":{"line":52,"column":17},"end":{"line":55,"column":null}},"line":52},"8":{"name":"(anonymous_8)","decl":{"start":{"line":156,"column":42},"end":{"line":156,"column":43}},"loc":{"start":{"line":157,"column":12},"end":{"line":190,"column":null}},"line":157},"9":{"name":"(anonymous_9)","decl":{"start":{"line":196,"column":39},"end":{"line":196,"column":40}},"loc":{"start":{"line":197,"column":12},"end":{"line":230,"column":null}},"line":197},"10":{"name":"(anonymous_10)","decl":{"start":{"line":257,"column":30},"end":{"line":257,"column":31}},"loc":{"start":{"line":257,"column":47},"end":{"line":343,"column":11}},"line":257},"11":{"name":"(anonymous_11)","decl":{"start":{"line":276,"column":25},"end":{"line":276,"column":26}},"loc":{"start":{"line":276,"column":32},"end":{"line":286,"column":null}},"line":276},"12":{"name":"(anonymous_12)","decl":{"start":{"line":287,"column":30},"end":{"line":287,"column":36}},"loc":{"start":{"line":287,"column":36},"end":{"line":291,"column":null}},"line":287},"13":{"name":"(anonymous_13)","decl":{"start":{"line":292,"column":28},"end":{"line":292,"column":34}},"loc":{"start":{"line":292,"column":34},"end":{"line":296,"column":null}},"line":292},"14":{"name":"(anonymous_14)","decl":{"start":{"line":297,"column":30},"end":{"line":297,"column":31}},"loc":{"start":{"line":297,"column":37},"end":{"line":300,"column":null}},"line":297}},"branchMap":{"0":{"loc":{"start":{"line":16,"column":10},"end":{"line":16,"column":null}},"type":"binary-expr","locations":[{"start":{"line":16,"column":10},"end":{"line":16,"column":38}},{"start":{"line":16,"column":38},"end":{"line":16,"column":null}}],"line":16},"1":{"loc":{"start":{"line":28,"column":6},"end":{"line":32,"column":null}},"type":"if","locations":[{"start":{"line":28,"column":6},"end":{"line":32,"column":null}},{"start":{},"end":{}}],"line":28},"2":{"loc":{"start":{"line":42,"column":6},"end":{"line":45,"column":null}},"type":"if","locations":[{"start":{"line":42,"column":6},"end":{"line":45,"column":null}},{"start":{},"end":{}}],"line":42},"3":{"loc":{"start":{"line":42,"column":10},"end":{"line":42,"column":78}},"type":"binary-expr","locations":[{"start":{"line":42,"column":10},"end":{"line":42,"column":29}},{"start":{"line":42,"column":29},"end":{"line":42,"column":78}}],"line":42},"4":{"loc":{"start":{"line":260,"column":30},"end":{"line":260,"column":null}},"type":"binary-expr","locations":[{"start":{"line":260,"column":30},"end":{"line":260,"column":48}},{"start":{"line":260,"column":48},"end":{"line":260,"column":null}}],"line":260},"5":{"loc":{"start":{"line":261,"column":33},"end":{"line":261,"column":null}},"type":"binary-expr","locations":[{"start":{"line":261,"column":33},"end":{"line":261,"column":45}},{"start":{"line":261,"column":45},"end":{"line":261,"column":null}}],"line":261},"6":{"loc":{"start":{"line":268,"column":18},"end":{"line":273,"column":null}},"type":"cond-expr","locations":[{"start":{"line":269,"column":22},"end":{"line":272,"column":null}},{"start":{"line":273,"column":22},"end":{"line":273,"column":null}}],"line":268},"7":{"loc":{"start":{"line":279,"column":18},"end":{"line":285,"column":null}},"type":"if","locations":[{"start":{"line":279,"column":18},"end":{"line":285,"column":null}},{"start":{"line":282,"column":25},"end":{"line":285,"column":null}}],"line":279},"8":{"loc":{"start":{"line":288,"column":18},"end":{"line":290,"column":null}},"type":"if","locations":[{"start":{"line":288,"column":18},"end":{"line":290,"column":null}},{"start":{},"end":{}}],"line":288},"9":{"loc":{"start":{"line":293,"column":18},"end":{"line":295,"column":null}},"type":"if","locations":[{"start":{"line":293,"column":18},"end":{"line":295,"column":null}},{"start":{},"end":{}}],"line":293},"10":{"loc":{"start":{"line":315,"column":21},"end":{"line":337,"column":null}},"type":"cond-expr","locations":[{"start":{"line":316,"column":22},"end":{"line":326,"column":null}},{"start":{"line":328,"column":22},"end":{"line":337,"column":null}}],"line":315},"11":{"loc":{"start":{"line":325,"column":25},"end":{"line":325,"column":null}},"type":"cond-expr","locations":[{"start":{"line":325,"column":64},"end":{"line":325,"column":72}},{"start":{"line":325,"column":72},"end":{"line":325,"column":null}}],"line":325}},"s":{"0":1,"1":0,"2":0,"3":0,"4":0,"5":0,"6":0,"7":0,"8":0,"9":0,"10":0,"11":0,"12":0,"13":0,"14":0,"15":0,"16":0,"17":0,"18":0,"19":0,"20":0,"21":0,"22":0,"23":0,"24":0,"25":0,"26":0,"27":0,"28":0,"29":0,"30":0,"31":0,"32":0,"33":0,"34":0,"35":0,"36":0,"37":0,"38":0,"39":0,"40":0,"41":0,"42":0,"43":0,"44":0,"45":0},"f":{"0":0,"1":0,"2":0,"3":0,"4":0,"5":0,"6":0,"7":0,"8":0,"9":0,"10":0,"11":0,"12":0,"13":0,"14":0},"b":{"0":[0,0],"1":[0,0],"2":[0,0],"3":[0,0],"4":[0,0],"5":[0,0],"6":[0,0],"7":[0,0],"8":[0,0],"9":[0,0],"10":[0,0],"11":[0,0]},"meta":{"lastBranch":12,"lastFunction":15,"lastStatement":46,"seen":{"s:12:14:348:Infinity":0,"f:12:14:12:20":0,"s:13:44:13:Infinity":1,"s:14:46:14:Infinity":2,"s:15:22:17:Infinity":3,"f:16:4:16:10":1,"s:16:10:16:Infinity":4,"b:16:10:16:38:16:38:16:Infinity":0,"s:18:8:18:Infinity":5,"s:19:8:19:Infinity":6,"s:22:2:37:Infinity":7,"f:22:12:22:18":2,"s:23:25:33:Infinity":8,"f:23:25:23:31":3,"s:24:23:24:Infinity":9,"s:25:27:25:Infinity":10,"b:28:6:32:Infinity:undefined:undefined:undefined:undefined":1,"s:28:6:32:Infinity":11,"s:29:8:29:Infinity":12,"s:30:8:30:Infinity":13,"s:31:8:31:Infinity":14,"s:35:4:35:Infinity":15,"s:36:4:36:Infinity":16,"f:36:11:36:17":4,"s:36:17:36:Infinity":17,"s:40:2:56:Infinity":18,"f:40:12:40:18":5,"s:41:31:46:Infinity":19,"f:41:31:41:32":6,"b:42:6:45:Infinity:undefined:undefined:undefined:undefined":2,"s:42:6:45:Infinity":20,"b:42:10:42:29:42:29:42:78":3,"s:43:8:43:Infinity":21,"s:44:8:44:Infinity":22,"s:49:4:49:Infinity":23,"s:50:4:50:Infinity":24,"s:52:4:55:Infinity":25,"f:52:11:52:17":7,"s:53:6:53:Infinity":26,"s:54:6:54:Infinity":27,"s:58:2:346:Infinity":28,"f:156:42:156:43":8,"s:157:12:190:Infinity":29,"f:196:39:196:40":9,"s:197:12:230:Infinity":30,"f:257:30:257:31":10,"s:258:29:258:Infinity":31,"s:260:30:260:Infinity":32,"b:260:30:260:48:260:48:260:Infinity":4,"s:261:33:261:Infinity":33,"b:261:33:261:45:261:45:261:Infinity":5,"s:263:12:341:Infinity":34,"b:269:22:272:Infinity:273:22:273:Infinity":6,"f:276:25:276:26":11,"s:277:18:277:Infinity":35,"b:279:18:285:Infinity:282:25:285:Infinity":7,"s:279:18:285:Infinity":36,"s:280:20:280:Infinity":37,"s:281:20:281:Infinity":38,"s:283:20:283:Infinity":39,"s:284:20:284:Infinity":40,"f:287:30:287:36":12,"b:288:18:290:Infinity:undefined:undefined:undefined:undefined":8,"s:288:18:290:Infinity":41,"s:289:20:289:Infinity":42,"f:292:28:292:34":13,"b:293:18:295:Infinity:undefined:undefined:undefined:undefined":9,"s:293:18:295:Infinity":43,"s:294:20:294:Infinity":44,"f:297:30:297:31":14,"s:299:18:299:Infinity":45,"b:316:22:326:Infinity:328:22:337:Infinity":10,"b:325:64:325:72:325:72:325:Infinity":11}}}
,"D:\\opsc\\www-v2\\src\\components\\Testimonials.tsx": {"path":"D:\\opsc\\www-v2\\src\\components\\Testimonials.tsx","statementMap":{"0":{"start":{"line":15,"column":19},"end":{"line":89,"column":null}},"1":{"start":{"line":28,"column":34},"end":{"line":28,"column":null}},"2":{"start":{"line":31,"column":18},"end":{"line":31,"column":null}},"3":{"start":{"line":33,"column":2},"end":{"line":87,"column":null}},"4":{"start":{"line":67,"column":27},"end":{"line":67,"column":null}},"5":{"start":{"line":92,"column":19},"end":{"line":92,"column":null}},"6":{"start":{"line":93,"column":20},"end":{"line":93,"column":null}},"7":{"start":{"line":95,"column":2},"end":{"line":187,"column":null}},"8":{"start":{"line":168,"column":12},"end":{"line":172,"column":null}},"9":{"start":{"line":179,"column":12},"end":{"line":183,"column":null}}},"fnMap":{"0":{"name":"(anonymous_0)","decl":{"start":{"line":15,"column":19},"end":{"line":15,"column":20}},"loc":{"start":{"line":27,"column":6},"end":{"line":89,"column":null}},"line":27},"1":{"name":"(anonymous_1)","decl":{"start":{"line":67,"column":21},"end":{"line":67,"column":27}},"loc":{"start":{"line":67,"column":27},"end":{"line":67,"column":null}},"line":67},"2":{"name":"Testimonials","decl":{"start":{"line":91,"column":16},"end":{"line":91,"column":31}},"loc":{"start":{"line":91,"column":31},"end":{"line":189,"column":null}},"line":91},"3":{"name":"(anonymous_3)","decl":{"start":{"line":167,"column":24},"end":{"line":167,"column":25}},"loc":{"start":{"line":168,"column":12},"end":{"line":172,"column":null}},"line":168},"4":{"name":"(anonymous_4)","decl":{"start":{"line":178,"column":25},"end":{"line":178,"column":26}},"loc":{"start":{"line":179,"column":12},"end":{"line":183,"column":null}},"line":179}},"branchMap":{"0":{"loc":{"start":{"line":20,"column":2},"end":{"line":20,"column":null}},"type":"default-arg","locations":[{"start":{"line":20,"column":10},"end":{"line":20,"column":null}}],"line":20},"1":{"loc":{"start":{"line":31,"column":18},"end":{"line":31,"column":null}},"type":"binary-expr","locations":[{"start":{"line":31,"column":18},"end":{"line":31,"column":51}},{"start":{"line":31,"column":51},"end":{"line":31,"column":null}}],"line":31},"2":{"loc":{"start":{"line":61,"column":9},"end":{"line":75,"column":null}},"type":"cond-expr","locations":[{"start":{"line":62,"column":10},"end":{"line":68,"column":null}},{"start":{"line":70,"column":10},"end":{"line":75,"column":null}}],"line":61}},"s":{"0":1,"1":0,"2":0,"3":0,"4":0,"5":0,"6":0,"7":0,"8":0,"9":0},"f":{"0":0,"1":0,"2":0,"3":0,"4":0},"b":{"0":[0],"1":[0,0],"2":[0,0]},"meta":{"lastBranch":3,"lastFunction":5,"lastStatement":10,"seen":{"s:15:19:89:Infinity":0,"f:15:19:15:20":0,"b:20:10:20:Infinity":0,"s:28:34:28:Infinity":1,"s:31:18:31:Infinity":2,"b:31:18:31:51:31:51:31:Infinity":1,"s:33:2:87:Infinity":3,"b:62:10:68:Infinity:70:10:75:Infinity":2,"f:67:21:67:27":1,"s:67:27:67:Infinity":4,"f:91:16:91:31":2,"s:92:19:92:Infinity":5,"s:93:20:93:Infinity":6,"s:95:2:187:Infinity":7,"f:167:24:167:25":3,"s:168:12:172:Infinity":8,"f:178:25:178:26":4,"s:179:12:183:Infinity":9}}}
,"D:\\opsc\\www-v2\\src\\components\\Try.tsx": {"path":"D:\\opsc\\www-v2\\src\\components\\Try.tsx","statementMap":{"0":{"start":{"line":15,"column":22},"end":{"line":403,"column":null}},"1":{"start":{"line":16,"column":36},"end":{"line":16,"column":null}},"2":{"start":{"line":17,"column":34},"end":{"line":17,"column":null}},"3":{"start":{"line":18,"column":30},"end":{"line":18,"column":null}},"4":{"start":{"line":19,"column":34},"end":{"line":19,"column":null}},"5":{"start":{"line":20,"column":44},"end":{"line":20,"column":null}},"6":{"start":{"line":21,"column":8},"end":{"line":21,"column":null}},"7":{"start":{"line":22,"column":8},"end":{"line":22,"column":null}},"8":{"start":{"line":24,"column":22},"end":{"line":34,"column":null}},"9":{"start":{"line":29,"column":4},"end":{"line":33,"column":null}},"10":{"start":{"line":30,"column":6},"end":{"line":30,"column":null}},"11":{"start":{"line":30,"column":18},"end":{"line":30,"column":46}},"12":{"start":{"line":32,"column":6},"end":{"line":32,"column":null}},"13":{"start":{"line":32,"column":18},"end":{"line":32,"column":55}},"14":{"start":{"line":36,"column":27},"end":{"line":39,"column":null}},"15":{"start":{"line":37,"column":4},"end":{"line":37,"column":null}},"16":{"start":{"line":38,"column":4},"end":{"line":38,"column":null}},"17":{"start":{"line":41,"column":26},"end":{"line":43,"column":null}},"18":{"start":{"line":42,"column":4},"end":{"line":42,"column":null}},"19":{"start":{"line":45,"column":25},"end":{"line":60,"column":null}},"20":{"start":{"line":49,"column":4},"end":{"line":49,"column":null}},"21":{"start":{"line":50,"column":27},"end":{"line":50,"column":null}},"22":{"start":{"line":51,"column":26},"end":{"line":51,"column":null}},"23":{"start":{"line":53,"column":4},"end":{"line":59,"column":null}},"24":{"start":{"line":54,"column":6},"end":{"line":58,"column":null}},"25":{"start":{"line":55,"column":8},"end":{"line":55,"column":null}},"26":{"start":{"line":57,"column":8},"end":{"line":57,"column":null}},"27":{"start":{"line":62,"column":2},"end":{"line":401,"column":null}},"28":{"start":{"line":118,"column":14},"end":{"line":118,"column":null}},"29":{"start":{"line":131,"column":18},"end":{"line":131,"column":null}},"30":{"start":{"line":142,"column":20},"end":{"line":155,"column":null}},"31":{"start":{"line":164,"column":20},"end":{"line":164,"column":null}},"32":{"start":{"line":185,"column":20},"end":{"line":185,"column":null}},"33":{"start":{"line":210,"column":16},"end":{"line":219,"column":null}},"34":{"start":{"line":212,"column":33},"end":{"line":212,"column":null}},"35":{"start":{"line":279,"column":14},"end":{"line":287,"column":null}},"36":{"start":{"line":300,"column":18},"end":{"line":300,"column":null}},"37":{"start":{"line":311,"column":20},"end":{"line":331,"column":null}},"38":{"start":{"line":340,"column":20},"end":{"line":340,"column":null}},"39":{"start":{"line":361,"column":20},"end":{"line":361,"column":null}},"40":{"start":{"line":386,"column":16},"end":{"line":395,"column":null}},"41":{"start":{"line":388,"column":33},"end":{"line":388,"column":null}}},"fnMap":{"0":{"name":"(anonymous_0)","decl":{"start":{"line":15,"column":22},"end":{"line":15,"column":28}},"loc":{"start":{"line":15,"column":28},"end":{"line":403,"column":null}},"line":15},"1":{"name":"(anonymous_1)","decl":{"start":{"line":24,"column":22},"end":{"line":24,"column":null}},"loc":{"start":{"line":28,"column":7},"end":{"line":34,"column":null}},"line":28},"2":{"name":"(anonymous_2)","decl":{"start":{"line":30,"column":17},"end":{"line":30,"column":18}},"loc":{"start":{"line":30,"column":18},"end":{"line":30,"column":46}},"line":30},"3":{"name":"(anonymous_3)","decl":{"start":{"line":32,"column":17},"end":{"line":32,"column":18}},"loc":{"start":{"line":32,"column":18},"end":{"line":32,"column":55}},"line":32},"4":{"name":"(anonymous_4)","decl":{"start":{"line":36,"column":27},"end":{"line":36,"column":28}},"loc":{"start":{"line":36,"column":62},"end":{"line":39,"column":null}},"line":36},"5":{"name":"(anonymous_5)","decl":{"start":{"line":41,"column":26},"end":{"line":41,"column":27}},"loc":{"start":{"line":41,"column":61},"end":{"line":43,"column":null}},"line":41},"6":{"name":"(anonymous_6)","decl":{"start":{"line":45,"column":25},"end":{"line":45,"column":null}},"loc":{"start":{"line":48,"column":7},"end":{"line":60,"column":null}},"line":48},"7":{"name":"(anonymous_7)","decl":{"start":{"line":117,"column":29},"end":{"line":117,"column":30}},"loc":{"start":{"line":118,"column":14},"end":{"line":118,"column":null}},"line":118},"8":{"name":"(anonymous_8)","decl":{"start":{"line":130,"column":28},"end":{"line":130,"column":null}},"loc":{"start":{"line":131,"column":18},"end":{"line":131,"column":null}},"line":131},"9":{"name":"(anonymous_9)","decl":{"start":{"line":141,"column":35},"end":{"line":141,"column":36}},"loc":{"start":{"line":142,"column":20},"end":{"line":155,"column":null}},"line":142},"10":{"name":"(anonymous_10)","decl":{"start":{"line":163,"column":27},"end":{"line":163,"column":null}},"loc":{"start":{"line":164,"column":20},"end":{"line":164,"column":null}},"line":164},"11":{"name":"(anonymous_11)","decl":{"start":{"line":184,"column":27},"end":{"line":184,"column":null}},"loc":{"start":{"line":185,"column":20},"end":{"line":185,"column":null}},"line":185},"12":{"name":"(anonymous_12)","decl":{"start":{"line":209,"column":31},"end":{"line":209,"column":32}},"loc":{"start":{"line":210,"column":16},"end":{"line":219,"column":null}},"line":210},"13":{"name":"(anonymous_13)","decl":{"start":{"line":212,"column":27},"end":{"line":212,"column":33}},"loc":{"start":{"line":212,"column":33},"end":{"line":212,"column":null}},"line":212},"14":{"name":"(anonymous_14)","decl":{"start":{"line":278,"column":28},"end":{"line":278,"column":29}},"loc":{"start":{"line":279,"column":14},"end":{"line":287,"column":null}},"line":279},"15":{"name":"(anonymous_15)","decl":{"start":{"line":299,"column":28},"end":{"line":299,"column":null}},"loc":{"start":{"line":300,"column":18},"end":{"line":300,"column":null}},"line":300},"16":{"name":"(anonymous_16)","decl":{"start":{"line":310,"column":34},"end":{"line":310,"column":35}},"loc":{"start":{"line":311,"column":20},"end":{"line":331,"column":null}},"line":311},"17":{"name":"(anonymous_17)","decl":{"start":{"line":339,"column":27},"end":{"line":339,"column":null}},"loc":{"start":{"line":340,"column":20},"end":{"line":340,"column":null}},"line":340},"18":{"name":"(anonymous_18)","decl":{"start":{"line":360,"column":27},"end":{"line":360,"column":null}},"loc":{"start":{"line":361,"column":20},"end":{"line":361,"column":null}},"line":361},"19":{"name":"(anonymous_19)","decl":{"start":{"line":385,"column":30},"end":{"line":385,"column":31}},"loc":{"start":{"line":386,"column":16},"end":{"line":395,"column":null}},"line":386},"20":{"name":"(anonymous_20)","decl":{"start":{"line":388,"column":27},"end":{"line":388,"column":33}},"loc":{"start":{"line":388,"column":33},"end":{"line":388,"column":null}},"line":388}},"branchMap":{"0":{"loc":{"start":{"line":29,"column":4},"end":{"line":33,"column":null}},"type":"if","locations":[{"start":{"line":29,"column":4},"end":{"line":33,"column":null}},{"start":{"line":31,"column":11},"end":{"line":33,"column":null}}],"line":29},"1":{"loc":{"start":{"line":53,"column":4},"end":{"line":59,"column":null}},"type":"if","locations":[{"start":{"line":53,"column":4},"end":{"line":59,"column":null}},{"start":{},"end":{}}],"line":53},"2":{"loc":{"start":{"line":54,"column":6},"end":{"line":58,"column":null}},"type":"if","locations":[{"start":{"line":54,"column":6},"end":{"line":58,"column":null}},{"start":{"line":56,"column":13},"end":{"line":58,"column":null}}],"line":54},"3":{"loc":{"start":{"line":150,"column":26},"end":{"line":150,"column":69}},"type":"cond-expr","locations":[{"start":{"line":150,"column":39},"end":{"line":150,"column":52}},{"start":{"line":150,"column":52},"end":{"line":150,"column":69}}],"line":150},"4":{"loc":{"start":{"line":214,"column":20},"end":{"line":216,"column":null}},"type":"cond-expr","locations":[{"start":{"line":215,"column":24},"end":{"line":215,"column":null}},{"start":{"line":216,"column":24},"end":{"line":216,"column":null}}],"line":214},"5":{"loc":{"start":{"line":319,"column":18},"end":{"line":319,"column":61}},"type":"cond-expr","locations":[{"start":{"line":319,"column":31},"end":{"line":319,"column":44}},{"start":{"line":319,"column":44},"end":{"line":319,"column":61}}],"line":319},"6":{"loc":{"start":{"line":390,"column":20},"end":{"line":392,"column":null}},"type":"cond-expr","locations":[{"start":{"line":391,"column":24},"end":{"line":391,"column":null}},{"start":{"line":392,"column":24},"end":{"line":392,"column":null}}],"line":390}},"s":{"0":1,"1":0,"2":0,"3":0,"4":0,"5":0,"6":0,"7":0,"8":0,"9":0,"10":0,"11":0,"12":0,"13":0,"14":0,"15":0,"16":0,"17":0,"18":0,"19":0,"20":0,"21":0,"22":0,"23":0,"24":0,"25":0,"26":0,"27":0,"28":0,"29":0,"30":0,"31":0,"32":0,"33":0,"34":0,"35":0,"36":0,"37":0,"38":0,"39":0,"40":0,"41":0},"f":{"0":0,"1":0,"2":0,"3":0,"4":0,"5":0,"6":0,"7":0,"8":0,"9":0,"10":0,"11":0,"12":0,"13":0,"14":0,"15":0,"16":0,"17":0,"18":0,"19":0,"20":0},"b":{"0":[0,0],"1":[0,0],"2":[0,0],"3":[0,0],"4":[0,0],"5":[0,0],"6":[0,0]},"meta":{"lastBranch":7,"lastFunction":21,"lastStatement":42,"seen":{"s:15:22:403:Infinity":0,"f:15:22:15:28":0,"s:16:36:16:Infinity":1,"s:17:34:17:Infinity":2,"s:18:30:18:Infinity":3,"s:19:34:19:Infinity":4,"s:20:44:20:Infinity":5,"s:21:8:21:Infinity":6,"s:22:8:22:Infinity":7,"s:24:22:34:Infinity":8,"f:24:22:24:Infinity":1,"b:29:4:33:Infinity:31:11:33:Infinity":0,"s:29:4:33:Infinity":9,"s:30:6:30:Infinity":10,"f:30:17:30:18":2,"s:30:18:30:46":11,"s:32:6:32:Infinity":12,"f:32:17:32:18":3,"s:32:18:32:55":13,"s:36:27:39:Infinity":14,"f:36:27:36:28":4,"s:37:4:37:Infinity":15,"s:38:4:38:Infinity":16,"s:41:26:43:Infinity":17,"f:41:26:41:27":5,"s:42:4:42:Infinity":18,"s:45:25:60:Infinity":19,"f:45:25:45:Infinity":6,"s:49:4:49:Infinity":20,"s:50:27:50:Infinity":21,"s:51:26:51:Infinity":22,"b:53:4:59:Infinity:undefined:undefined:undefined:undefined":1,"s:53:4:59:Infinity":23,"b:54:6:58:Infinity:56:13:58:Infinity":2,"s:54:6:58:Infinity":24,"s:55:8:55:Infinity":25,"s:57:8:57:Infinity":26,"s:62:2:401:Infinity":27,"f:117:29:117:30":7,"s:118:14:118:Infinity":28,"f:130:28:130:Infinity":8,"s:131:18:131:Infinity":29,"f:141:35:141:36":9,"s:142:20:155:Infinity":30,"b:150:39:150:52:150:52:150:69":3,"f:163:27:163:Infinity":10,"s:164:20:164:Infinity":31,"f:184:27:184:Infinity":11,"s:185:20:185:Infinity":32,"f:209:31:209:32":12,"s:210:16:219:Infinity":33,"f:212:27:212:33":13,"s:212:33:212:Infinity":34,"b:215:24:215:Infinity:216:24:216:Infinity":4,"f:278:28:278:29":14,"s:279:14:287:Infinity":35,"f:299:28:299:Infinity":15,"s:300:18:300:Infinity":36,"f:310:34:310:35":16,"s:311:20:331:Infinity":37,"b:319:31:319:44:319:44:319:61":5,"f:339:27:339:Infinity":17,"s:340:20:340:Infinity":38,"f:360:27:360:Infinity":18,"s:361:20:361:Infinity":39,"f:385:30:385:31":19,"s:386:16:395:Infinity":40,"f:388:27:388:33":20,"s:388:33:388:Infinity":41,"b:391:24:391:Infinity:392:24:392:Infinity":6}}}
[...]
olumn":null}},"55":{"start":{"line":171,"column":38},"end":{"line":171,"column":null}},"56":{"start":{"line":179,"column":4},"end":{"line":191,"column":null}},"57":{"start":{"line":180,"column":23},"end":{"line":180,"column":null}},"58":{"start":{"line":182,"column":6},"end":{"line":190,"column":null}},"59":{"start":{"line":183,"column":28},"end":{"line":183,"column":null}},"60":{"start":{"line":184,"column":28},"end":{"line":184,"column":null}},"61":{"start":{"line":186,"column":8},"end":{"line":189,"column":null}},"62":{"start":{"line":193,"column":4},"end":{"line":193,"column":null}},"63":{"start":{"line":195,"column":4},"end":{"line":195,"column":null}},"64":{"start":{"line":196,"column":4},"end":{"line":196,"column":null}},"65":{"start":{"line":203,"column":32},"end":{"line":208,"column":null}},"66":{"start":{"line":206,"column":19},"end":{"line":206,"column":null}},"67":{"start":{"line":207,"column":2},"end":{"line":207,"column":null}},"68":{"start":{"line":207,"column":35},"end":{"line":207,"column":67}},"69":{"start":{"line":213,"column":29},"end":{"line":218,"column":null}},"70":{"start":{"line":214,"column":19},"end":{"line":214,"column":null}},"71":{"start":{"line":215,"column":2},"end":{"line":217,"column":null}},"72":{"start":{"line":216,"column":4},"end":{"line":216,"column":null}},"73":{"start":{"line":216,"column":32},"end":{"line":216,"column":75}},"74":{"start":{"line":223,"column":26},"end":{"line":232,"column":null}},"75":{"start":{"line":224,"column":19},"end":{"line":224,"column":null}},"76":{"start":{"line":225,"column":17},"end":{"line":225,"column":null}},"77":{"start":{"line":227,"column":2},"end":{"line":229,"column":null}},"78":{"start":{"line":228,"column":4},"end":{"line":228,"column":null}},"79":{"start":{"line":228,"column":31},"end":{"line":228,"column":46}},"80":{"start":{"line":231,"column":2},"end":{"line":231,"column":null}},"81":{"start":{"line":237,"column":29},"end":{"line":239,"column":null}},"82":{"start":{"line":238,"column":2},"end":{"line":238,"column":null}},"83":{"start":{"line":244,"column":27},"end":{"line":245,"column":null}},"84":{"start":{"line":245,"column":2},"end":{"line":245,"column":null}},"85":{"start":{"line":250,"column":36},"end":{"line":264,"column":null}},"86":{"start":{"line":253,"column":54},"end":{"line":253,"column":null}},"87":{"start":{"line":255,"column":2},"end":{"line":261,"column":null}},"88":{"start":{"line":256,"column":21},"end":{"line":256,"column":null}},"89":{"start":{"line":257,"column":4},"end":{"line":259,"column":null}},"90":{"start":{"line":258,"column":6},"end":{"line":258,"column":null}},"91":{"start":{"line":260,"column":4},"end":{"line":260,"column":null}},"92":{"start":{"line":263,"column":2},"end":{"line":263,"column":null}}},"fnMap":{"0":{"name":"(anonymous_0)","decl":{"start":{"line":26,"column":32},"end":{"line":26,"column":null}},"loc":{"start":{"line":31,"column":5},"end":{"line":61,"column":null}},"line":31},"1":{"name":"(anonymous_1)","decl":{"start":{"line":40,"column":40},"end":{"line":40,"column":41}},"loc":{"start":{"line":40,"column":50},"end":{"line":58,"column":3}},"line":40},"2":{"name":"(anonymous_2)","decl":{"start":{"line":56,"column":31},"end":{"line":56,"column":32}},"loc":{"start":{"line":56,"column":40},"end":{"line":56,"column":50}},"line":56},"3":{"name":"(anonymous_3)","decl":{"start":{"line":66,"column":28},"end":{"line":66,"column":null}},"loc":{"start":{"line":70,"column":2},"end":{"line":70,"column":null}},"line":70},"4":{"name":"(anonymous_4)","decl":{"start":{"line":75,"column":24},"end":{"line":75,"column":25}},"loc":{"start":{"line":75,"column":79},"end":{"line":89,"column":null}},"line":75},"5":{"name":"(anonymous_5)","decl":{"start":{"line":94,"column":42},"end":{"line":94,"column":null}},"loc":{"start":{"line":96,"column":30},"end":{"line":155,"column":null}},"line":96},"6":{"name":"(anonymous_6)","decl":{"start":{"line":98,"column":38},"end":{"line":98,"column":null}},"loc":{"start":{"line":98,"column":38},"end":{"line":98,"column":null}},"line":98},"7":{"name":"(anonymous_7)","decl":{"start":{"line":142,"column":38},"end":{"line":142,"column":39}},"loc":{"start":{"line":142,"column":48},"end":{"line":146,"column":5}},"line":142},"8":{"name":"(anonymous_8)","decl":{"start":{"line":149,"column":27},"end":{"line":149,"column":28}},"loc":{"start":{"line":149,"column":37},"end":{"line":149,"column":63}},"line":149},"9":{"name":"(anonymous_9)","decl":{"start":{"line":160,"column":39},"end":{"line":160,"column":null}},"loc":{"start":{"line":162,"column":27},"end":{"line":198,"column":null}},"line":162},"10":{"name":"(anonymous_10)","decl":{"start":{"line":165,"column":45},"end":{"line":165,"column":46}},"loc":{"start":{"line":165,"column":55},"end":{"line":165,"column":73}},"line":165},"11":{"name":"(anonymous_11)","decl":{"start":{"line":171,"column":38},"end":{"line":171,"column":null}},"loc":{"start":{"line":171,"column":38},"end":{"line":171,"column":null}},"line":171},"12":{"name":"(anonymous_12)","decl":{"start":{"line":203,"column":32},"end":{"line":203,"column":null}},"loc":{"start":{"line":205,"column":30},"end":{"line":208,"column":null}},"line":205},"13":{"name":"(anonymous_13)","decl":{"start":{"line":207,"column":25},"end":{"line":207,"column":26}},"loc":{"start":{"line":207,"column":35},"end":{"line":207,"column":67}},"line":207},"14":{"name":"(anonymous_14)","decl":{"start":{"line":213,"column":29},"end":{"line":213,"column":36}},"loc":{"start":{"line":213,"column":77},"end":{"line":218,"column":null}},"line":213},"15":{"name":"(anonymous_15)","decl":{"start":{"line":215,"column":25},"end":{"line":215,"column":26}},"loc":{"start":{"line":216,"column":4},"end":{"line":216,"column":null}},"line":216},"16":{"name":"(anonymous_16)","decl":{"start":{"line":216,"column":19},"end":{"line":216,"column":20}},"loc":{"start":{"line":216,"column":32},"end":{"line":216,"column":75}},"line":216},"17":{"name":"(anonymous_17)","decl":{"start":{"line":223,"column":26},"end":{"line":223,"column":57}},"loc":{"start":{"line":223,"column":57},"end":{"line":232,"column":null}},"line":223},"18":{"name":"(anonymous_18)","decl":{"start":{"line":227,"column":19},"end":{"line":227,"column":20}},"loc":{"start":{"line":227,"column":29},"end":{"line":229,"column":3}},"line":227},"19":{"name":"(anonymous_19)","decl":{"start":{"line":228,"column":22},"end":{"line":228,"column":23}},"loc":{"start":{"line":228,"column":31},"end":{"line":228,"column":46}},"line":228},"20":{"name":"(anonymous_20)","decl":{"start":{"line":237,"column":29},"end":{"line":237,"column":36}},"loc":{"start":{"line":237,"column":75},"end":{"line":239,"column":null}},"line":237},"21":{"name":"(anonymous_21)","decl":{"start":{"line":244,"column":27},"end":{"line":244,"column":null}},"loc":{"start":{"line":245,"column":2},"end":{"line":245,"column":null}},"line":245},"22":{"name":"(anonymous_22)","decl":{"start":{"line":250,"column":36},"end":{"line":250,"column":null}},"loc":{"start":{"line":252,"column":37},"end":{"line":264,"column":null}},"line":252},"23":{"name":"(anonymous_23)","decl":{"start":{"line":255,"column":16},"end":{"line":255,"column":17}},"loc":{"start":{"line":255,"column":26},"end":{"line":261,"column":3}},"line":255}},"branchMap":{"0":{"loc":{"start":{"line":35,"column":2},"end":{"line":35,"column":null}},"type":"if","locations":[{"start":{"line":35,"column":2},"end":{"line":35,"column":null}},{"start":{},"end":{}}],"line":35},"1":{"loc":{"start":{"line":42,"column":4},"end":{"line":42,"column":null}},"type":"if","locations":[{"start":{"line":42,"column":4},"end":{"line":42,"column":null}},{"start":{},"end":{}}],"line":42},"2":{"loc":{"start":{"line":47,"column":4},"end":{"line":52,"column":null}},"type":"if","locations":[{"start":{"line":47,"column":4},"end":{"line":52,"column":null}},{"start":{},"end":{}}],"line":47},"3":{"loc":{"start":{"line":48,"column":7},"end":{"line":49,"column":null}},"type":"binary-expr","locations":[{"start":{"line":48,"column":7},"end":{"line":48,"column":32}},{"start":{"line":48,"column":32},"end":{"line":48,"column":null}},{"start":{"line":49,"column":7},"end":{"line":49,"column":32}},{"start":{"line":49,"column":32},"end":{"line":49,"column":null}}],"line":48},"4":{"loc":{"start":{"line":55,"column":6},"end":{"line":57,"column":null}},"type":"cond-expr","locations":[{"start":{"line":56,"column":10},"end":{"line":56,"column":null}},{"start":{"line":57,"column":10},"end":{"line":57,"column":null}}],"line":55},"5":{"loc":{"start":{"line":55,"column":6},"end":{"line":55,"column":null}},"type":"binary-expr","locations":[{"start":{"line":55,"column":6},"end":{"line":55,"column":24}},{"start":{"line":55,"column":24},"end":{"line":55,"column":null}}],"line":55},"6":{"loc":{"start":{"line":68,"column":2},"end":{"line":68,"column":null}},"type":"default-arg","locations":[{"start":{"line":68,"column":13},"end":{"line":68,"column":null}}],"line":68},"7":{"loc":{"start":{"line":70,"column":2},"end":{"line":70,"column":null}},"type":"cond-expr","locations":[{"start":{"line":70,"column":25},"end":{"line":70,"column":50}},{"start":{"line":70,"column":50},"end":{"line":70,"column":null}}],"line":70},"8":{"loc":{"start":{"line":70,"column":50},"end":{"line":70,"column":null}},"type":"binary-expr","locations":[{"start":{"line":70,"column":50},"end":{"line":70,"column":67}},{"start":{"line":70,"column":67},"end":{"line":70,"column":null}}],"line":70},"9":{"loc":{"start":{"line":81,"column":2},"end":{"line":86,"column":null}},"type":"if","locations":[{"start":{"line":81,"column":2},"end":{"line":86,"column":null}},{"start":{},"end":{}}],"line":81},"10":{"loc":{"start":{"line":82,"column":4},"end":{"line":83,"column":null}},"type":"binary-expr","locations":[{"start":{"line":82,"column":4},"end":{"line":82,"column":null}},{"start":{"line":83,"column":4},"end":{"line":83,"column":null}}],"line":82},"11":{"loc":{"start":{"line":112,"column":25},"end":{"line":112,"column":null}},"type":"binary-expr","locations":[{"start":{"line":112,"column":25},"end":{"line":112,"column":74}},{"start":{"line":112,"column":74},"end":{"line":112,"column":null}}],"line":112},"12":{"loc":{"start":{"line":128,"column":16},"end":{"line":132,"column":null}},"type":"cond-expr","locations":[{"start":{"line":129,"column":14},"end":{"line":129,"column":null}},{"start":{"line":130,"column":14},"end":{"line":132,"column":null}}],"line":128},"13":{"loc":{"start":{"line":130,"column":14},"end":{"line":132,"column":null}},"type":"cond-expr","locations":[{"start":{"line":131,"column":16},"end":{"line":131,"column":null}},{"start":{"line":132,"column":16},"end":{"line":132,"column":null}}],"line":130},"14":{"loc":{"start":{"line":143,"column":20},"end":{"line":143,"column":null}},"type":"binary-expr","locations":[{"start":{"line":143,"column":20},"end":{"line":143,"column":50}},{"start":{"line":143,"column":50},"end":{"line":143,"column":null}}],"line":143},"15":{"loc":{"start":{"line":144,"column":20},"end":{"line":144,"column":null}},"type":"binary-expr","locations":[{"start":{"line":144,"column":20},"end":{"line":144,"column":50}},{"start":{"line":144,"column":50},"end":{"line":144,"column":null}}],"line":144},"16":{"loc":{"start":{"line":148,"column":11},"end":{"line":150,"column":null}},"type":"cond-expr","locations":[{"start":{"line":149,"column":8},"end":{"line":149,"column":null}},{"start":{"line":150,"column":8},"end":{"line":150,"column":null}}],"line":148},"17":{"loc":{"start":{"line":167,"column":4},"end":{"line":169,"column":null}},"type":"if","locations":[{"start":{"line":167,"column":4},"end":{"line":169,"column":null}},{"start":{},"end":{}}],"line":167},"18":{"loc":{"start":{"line":180,"column":23},"end":{"line":180,"column":null}},"type":"binary-expr","locations":[{"start":{"line":180,"column":23},"end":{"line":180,"column":72}},{"start":{"line":180,"column":72},"end":{"line":180,"column":null}}],"line":180},"19":{"loc":{"start":{"line":182,"column":6},"end":{"line":190,"column":null}},"type":"if","locations":[{"start":{"line":182,"column":6},"end":{"line":190,"column":null}},{"start":{},"end":{}}],"line":182},"20":{"loc":{"start":{"line":256,"column":21},"end":{"line":256,"column":null}},"type":"binary-expr","locations":[{"start":{"line":256,"column":21},"end":{"line":256,"column":38}},{"start":{"line":256,"column":38},"end":{"line":256,"column":null}}],"line":256},"21":{"loc":{"start":{"line":257,"column":4},"end":{"line":259,"column":null}},"type":"if","locations":[{"start":{"line":257,"column":4},"end":{"line":259,"column":null}},{"start":{},"end":{}}],"line":257}},"s":{"0":1,"1":0,"2":0,"3":0,"4":0,"5":0,"6":0,"7":0,"8":0,"9":0,"10":0,"11":0,"12":0,"13":0,"14":0,"15":0,"16":0,"17":0,"18":1,"19":0,"20":1,"21":0,"22":0,"23":0,"24":0,"25":1,"26":0,"27":0,"28":0,"29":0,"30":0,"31":0,"32":0,"33":0,"34":0,"35":0,"36":0,"37":0,"38":0,"39":0,"40":0,"41":0,"42":0,"43":0,"44":0,"45":0,"46":0,"47":1,"48":0,"49":0,"50":0,"51":0,"52":0,"53":0,"54":0,"55":0,"56":0,"57":0,"58":0,"59":0,"60":0,"61":0,"62":0,"63":0,"64":0,"65":1,"66":0,"67":0,"68":0,"69":1,"70":0,"71":0,"72":0,"73":0,"74":1,"75":0,"76":0,"77":0,"78":0,"79":0,"80":0,"81":1,"82":0,"83":1,"84":0,"85":1,"86":0,"87":0,"88":0,"89":0,"90":0,"91":0,"92":0},"f":{"0":0,"1":0,"2":0,"3":0,"4":0,"5":0,"6":0,"7":0,"8":0,"9":0,"10":0,"11":0,"12":0,"13":0,"14":0,"15":0,"16":0,"17":0,"18":0,"19":0,"20":0,"21":0,"22":0,"23":0},"b":{"0":[0,0],"1":[0,0],"2":[0,0],"3":[0,0,0,0],"4":[0,0],"5":[0,0],"6":[0],"7":[0,0],"8":[0,0],"9":[0,0],"10":[0,0],"11":[0,0],"12":[0,0],"13":[0,0],"14":[0,0],"15":[0,0],"16":[0,0],"17":[0,0],"18":[0,0],"19":[0,0],"20":[0,0],"21":[0,0]},"meta":{"lastBranch":22,"lastFunction":24,"lastStatement":93,"seen":{"s:26:32:61:Infinity":0,"f:26:32:26:Infinity":0,"s:32:27:32:Infinity":1,"s:33:16:33:Infinity":2,"b:35:2:35:Infinity:undefined:undefined:undefined:undefined":0,"s:35:2:35:Infinity":3,"s:35:14:35:Infinity":4,"s:37:45:37:Infinity":5,"s:38:57:38:Infinity":6,"s:40:2:58:Infinity":7,"f:40:40:40:41":1,"s:41:23:41:Infinity":8,"b:42:4:42:Infinity:undefined:undefined:undefined:undefined":1,"s:42:4:42:Infinity":9,"s:42:27:42:Infinity":10,"s:44:16:44:Infinity":11,"s:45:16:45:Infinity":12,"b:47:4:52:Infinity:undefined:undefined:undefined:undefined":2,"s:47:4:52:Infinity":13,"b:48:7:48:32:48:32:48:Infinity:49:7:49:32:49:32:49:Infinity":3,"s:51:6:51:Infinity":14,"s:54:4:57:Infinity":15,"b:56:10:56:Infinity:57:10:57:Infinity":4,"b:55:6:55:24:55:24:55:Infinity":5,"f:56:31:56:32":2,"s:56:40:56:50":16,"s:60:2:60:Infinity":17,"s:66:28:70:Infinity":18,"f:66:28:66:Infinity":3,"s:70:2:70:Infinity":19,"b:68:13:68:Infinity":6,"b:70:25:70:50:70:50:70:Infinity":7,"b:70:50:70:67:70:67:70:Infinity":8,"s:75:24:89:Infinity":20,"f:75:24:75:25":4,"s:76:17:79:Infinity":21,"b:81:2:86:Infinity:undefined:undefined:undefined:undefined":9,"s:81:2:86:Infinity":22,"b:82:4:82:Infinity:83:4:83:Infinity":10,"s:85:4:85:Infinity":23,"s:88:2:88:Infinity":24,"s:94:42:155:Infinity":25,"f:94:42:94:Infinity":5,"s:97:2:154:Infinity":26,"s:98:38:103:Infinity":27,"f:98:38:98:Infinity":6,"s:98:38:98:Infinity":28,"s:106:37:106:Infinity":29,"s:108:4:140:Infinity":30,"s:109:6:139:Infinity":31,"s:110:28:110:Infinity":32,"s:111:32:111:Infinity":33,"s:112:25:112:Infinity":34,"b:112:25:112:74:112:74:112:Infinity":11,"s:115:23:118:Infinity":35,"s:120:35:134:Infinity":36,"b:129:14:129:Infinity:130:14:132:Infinity":12,"b:131:16:131:Infinity:132:16:132:Infinity":13,"s:136:8:136:Infinity":37,"s:138:8:138:Infinity":38,"s:142:24:146:Infinity":39,"f:142:38:142:39":7,"s:143:20:143:Infinity":40,"b:143:20:143:50:143:50:143:Infinity":14,"s:144:20:144:Infinity":41,"b:144:20:144:50:144:50:144:Infinity":15,"s:145:6:145:Infinity":42,"s:148:4:150:Infinity":43,"b:149:8:149:Infinity:150:8:150:Infinity":16,"f:149:27:149:28":8,"s:149:37:149:63":44,"s:152:4:152:Infinity":45,"s:153:4:153:Infinity":46,"s:160:39:198:Infinity":47,"f:160:39:160:Infinity":9,"s:163:2:197:Infinity":48,"s:164:29:164:Infinity":49,"s:165:23:165:Infinity":50,"f:165:45:165:46":10,"s:165:55:165:73":51,"b:167:4:169:Infinity:undefined:undefined:undefined:undefined":17,"s:167:4:169:Infinity":52,"s:168:6:168:Infinity":53,"s:171:38:176:Infinity":54,"f:171:38:171:Infinity":11,"s:171:38:171:Infinity":55,"s:179:4:191:Infinity":56,"s:180:23:180:Infinity":57,"b:180:23:180:72:180:72:180:Infinity":18,"b:182:6:190:Infinity:undefined:undefined:undefined:undefined":19,"s:182:6:190:Infinity":58,"s:183:28:183:Infinity":59,"s:184:28:184:Infinity":60,"s:186:8:189:Infinity":61,"s:193:4:193:Infinity":62,"s:195:4:195:Infinity":63,"s:196:4:196:Infinity":64,"s:203:32:208:Infinity":65,"f:203:32:203:Infinity":12,"s:206:19:206:Infinity":66,"s:207:2:207:Infinity":67,"f:207:25:207:26":13,"s:207:35:207:67":68,"s:213:29:218:Infinity":69,"f:213:29:213:36":14,"s:214:19:214:Infinity":70,"s:215:2:217:Infinity":71,"f:215:25:215:26":15,"s:216:4:216:Infinity":72,"f:216:19:216:20":16,"s:216:32:216:75":73,"s:223:26:232:Infinity":74,"f:223:26:223:57":17,"s:224:19:224:Infinity":75,"s:225:17:225:Infinity":76,"s:227:2:229:Infinity":77,"f:227:19:227:20":18,"s:228:4:228:Infinity":78,"f:228:22:228:23":19,"s:228:31:228:46":79,"s:231:2:231:Infinity":80,"s:237:29:239:Infinity":81,"f:237:29:237:36":20,"s:238:2:238:Infinity":82,"s:244:27:245:Infinity":83,"f:244:27:244:Infinity":21,"s:245:2:245:Infinity":84,"s:250:36:264:Infinity":85,"f:250:36:250:Infinity":22,"s:253:54:253:Infinity":86,"s:255:2:261:Infinity":87,"f:255:16:255:17":23,"s:256:21:256:Infinity":88,"b:256:21:256:38:256:38:256:Infinity":20,"b:257:4:259:Infinity:undefined:undefined:undefined:undefined":21,"s:257:4:259:Infinity":89,"s:258:6:258:Infinity":90,"s:260:4:260:Infinity":91,"s:263:2:263:Infinity":92}}}
,"D:\\opsc\\www-v2\\src\\utils\\renderlinks-utils.ts": {"path":"D:\\opsc\\www-v2\\src\\utils\\renderlinks-utils.ts","statementMap":{"0":{"start":{"line":15,"column":38},"end":{"line":35,"column":null}},"1":{"start":{"line":19,"column":2},"end":{"line":19,"column":null}},"2":{"start":{"line":19,"column":31},"end":{"line":19,"column":null}},"3":{"start":{"line":22,"column":22},"end":{"line":22,"column":null}},"4":{"start":{"line":22,"column":48},"end":{"line":22,"column":77}},"5":{"start":{"line":25,"column":2},"end":{"line":34,"column":null}},"6":{"start":{"line":27,"column":28},"end":{"line":27,"column":null}},"7":{"start":{"line":28,"column":22},"end":{"line":28,"column":null}},"8":{"start":{"line":30,"column":4},"end":{"line":33,"column":null}}},"fnMap":{"0":{"name":"(anonymous_0)","decl":{"start":{"line":15,"column":38},"end":{"line":15,"column":null}},"loc":{"start":{"line":18,"column":13},"end":{"line":35,"column":null}},"line":18},"1":{"name":"(anonymous_1)","decl":{"start":{"line":22,"column":38},"end":{"line":22,"column":39}},"loc":{"start":{"line":22,"column":48},"end":{"line":22,"column":77}},"line":22},"2":{"name":"(anonymous_2)","decl":{"start":{"line":25,"column":28},"end":{"line":25,"column":29}},"loc":{"start":{"line":25,"column":72},"end":{"line":34,"column":5}},"line":25}},"branchMap":{"0":{"loc":{"start":{"line":19,"column":2},"end":{"line":19,"column":null}},"type":"if","locations":[{"start":{"line":19,"column":2},"end":{"line":19,"column":null}},{"start":{},"end":{}}],"line":19},"1":{"loc":{"start":{"line":19,"column":6},"end":{"line":19,"column":31}},"type":"binary-expr","locations":[{"start":{"line":19,"column":6},"end":{"line":19,"column":24}},{"start":{"line":19,"column":24},"end":{"line":19,"column":31}}],"line":19}},"s":{"0":1,"1":0,"2":0,"3":0,"4":0,"5":0,"6":0,"7":0,"8":0},"f":{"0":0,"1":0,"2":0},"b":{"0":[0,0],"1":[0,0]},"meta":{"lastBranch":2,"lastFunction":3,"lastStatement":9,"seen":{"s:15:38:35:Infinity":0,"f:15:38:15:Infinity":0,"b:19:2:19:Infinity:undefined:undefined:undefined:undefined":0,"s:19:2:19:Infinity":1,"b:19:6:19:24:19:24:19:31":1,"s:19:31:19:Infinity":2,"s:22:22:22:Infinity":3,"f:22:38:22:39":1,"s:22:48:22:77":4,"s:25:2:34:Infinity":5,"f:25:28:25:29":2,"s:27:28:27:Infinity":6,"s:28:22:28:Infinity":7,"s:30:4:33:Infinity":8}}}
}
